[2015-08-21 07:17:34] local.ERROR: exception 'PDOException' with message 'SQLSTATE[42S02]: Base table or view not found: Table 'horsify.roles' doesn't exist' in /var/www/horsify/vendor/laravel/framework/src/Illuminate/Database/Connection.php:288
Stack trace:
#0 /var/www/horsify/vendor/laravel/framework/src/Illuminate/Database/Connection.php(288): PDO->prepare()
#1 /var/www/horsify/vendor/laravel/framework/src/Illuminate/Database/Connection.php(612): Closure$Illuminate\Database\Connection::select()
#2 /var/www/horsify/vendor/laravel/framework/src/Illuminate/Database/Connection.php(576): Illuminate\Database\Connection->runQueryCallback()
#3 /var/www/horsify/vendor/laravel/framework/src/Illuminate/Database/Connection.php(293): Illuminate\Database\Connection->run()
#4 /var/www/horsify/vendor/laravel/framework/src/Illuminate/Database/Query/Builder.php(1377): Illuminate\Database\Connection->select()
#5 /var/www/horsify/vendor/laravel/framework/src/Illuminate/Database/Query/Builder.php(1367): Illuminate\Database\Query\Builder->runSelect()
#6 /var/www/horsify/vendor/laravel/framework/src/Illuminate/Database/Query/Builder.php(1354): Illuminate\Database\Query\Builder->getFresh()
#7 /var/www/horsify/vendor/compiled.php(1969): Illuminate\Database\Query\Builder->get()
#8 (): App\Http\Controllers\Auth\AuthController->getRegister()
#9 /var/www/horsify/vendor/compiled.php(8292): call_user_func_array()
#10 /var/www/horsify/vendor/compiled.php(8359): Illuminate\Routing\Controller->callAction()
#11 /var/www/horsify/vendor/compiled.php(8338): Illuminate\Routing\ControllerDispatcher->call()
#12 (): Closure$Illuminate\Routing\ControllerDispatcher::callWithinStack()
#13 /var/www/horsify/vendor/compiled.php(8957): call_user_func()
#14 /var/www/horsify/app/Http/Middleware/RedirectIfAuthenticated.php(41): Closure$Illuminate\Pipeline\Pipeline::getInitialSlice()
#15 /var/www/horsify/vendor/compiled.php(8949): App\Http\Middleware\RedirectIfAuthenticated->handle()
#16 (): Closure$Illuminate\Pipeline\Pipeline::getSlice()
#17 /var/www/horsify/vendor/compiled.php(8940): call_user_func()
#18 /var/www/horsify/vendor/compiled.php(8339): Illuminate\Pipeline\Pipeline->then()
#19 /var/www/horsify/vendor/compiled.php(8325): Illuminate\Routing\ControllerDispatcher->callWithinStack()
#20 /var/www/horsify/vendor/compiled.php(7322): Illuminate\Routing\ControllerDispatcher->dispatch()
#21 /var/www/horsify/vendor/compiled.php(7293): Illuminate\Routing\Route->runWithCustomDispatcher()
#22 /var/www/horsify/vendor/compiled.php(6959): Illuminate\Routing\Route->run()
#23 (): Closure$Illuminate\Routing\Router::runRouteWithinStack()
#24 /var/www/horsify/vendor/compiled.php(8957): call_user_func()
#25 (): Closure$Illuminate\Pipeline\Pipeline::getInitialSlice()
#26 /var/www/horsify/vendor/compiled.php(8940): call_user_func()
#27 /var/www/horsify/vendor/compiled.php(6960): Illuminate\Pipeline\Pipeline->then()
#28 /var/www/horsify/vendor/compiled.php(6949): Illuminate\Routing\Router->runRouteWithinStack()
#29 /var/www/horsify/vendor/compiled.php(6934): Illuminate\Routing\Router->dispatchToRoute()
#30 /var/www/horsify/vendor/compiled.php(1935): Illuminate\Routing\Router->dispatch()
#31 (): Closure$Illuminate\Foundation\Http\Kernel::dispatchToRouter()
#32 /var/www/horsify/vendor/compiled.php(8957): call_user_func()
#33 /var/www/horsify/vendor/compiled.php(2443): Closure$Illuminate\Pipeline\Pipeline::getInitialSlice()
#34 /var/www/horsify/app/Http/Middleware/VerifyCsrfToken.php(17): Illuminate\Foundation\Http\Middleware\VerifyCsrfToken->handle()
#35 /var/www/horsify/vendor/compiled.php(8949): App\Http\Middleware\VerifyCsrfToken->handle()
#36 /var/www/horsify/vendor/compiled.php(12088): Closure$Illuminate\Pipeline\Pipeline::getSlice()
#37 /var/www/horsify/vendor/compiled.php(8949): Illuminate\View\Middleware\ShareErrorsFromSession->handle()
#38 /var/www/horsify/vendor/compiled.php(10790): Closure$Illuminate\Pipeline\Pipeline::getSlice()
#39 /var/www/horsify/vendor/compiled.php(8949): Illuminate\Session\Middleware\StartSession->handle()
#40 /var/www/horsify/vendor/compiled.php(11794): Closure$Illuminate\Pipeline\Pipeline::getSlice()
#41 /var/www/horsify/vendor/compiled.php(8949): Illuminate\Cookie\Middleware\AddQueuedCookiesToResponse->handle()
#42 /var/www/horsify/vendor/compiled.php(11743): Closure$Illuminate\Pipeline\Pipeline::getSlice()
#43 /var/www/horsify/vendor/compiled.php(8949): Illuminate\Cookie\Middleware\EncryptCookies->handle()
#44 /var/www/horsify/vendor/compiled.php(2483): Closure$Illuminate\Pipeline\Pipeline::getSlice()
#45 /var/www/horsify/vendor/compiled.php(8949): Illuminate\Foundation\Http\Middleware\CheckForMaintenanceMode->handle()
#46 (): Closure$Illuminate\Pipeline\Pipeline::getSlice()
#47 /var/www/horsify/vendor/compiled.php(8940): call_user_func()
#48 /var/www/horsify/vendor/compiled.php(1891): Illuminate\Pipeline\Pipeline->then()
#49 /var/www/horsify/vendor/compiled.php(1880): Illuminate\Foundation\Http\Kernel->sendRequestThroughRouter()
#50 /var/www/horsify/public/index.php(53): Illuminate\Foundation\Http\Kernel->handle()
#51 {main}

Next exception 'Illuminate\Database\QueryException' with message 'SQLSTATE[42S02]: Base table or view not found: Table 'horsify.roles' doesn't exist (SQL: select `role_id`, `role_name` from `roles`)' in /var/www/horsify/vendor/laravel/framework/src/Illuminate/Database/Connection.php:622
Stack trace:
#0 /var/www/horsify/vendor/laravel/framework/src/Illuminate/Database/Connection.php(576): Illuminate\Database\Connection->runQueryCallback()
#1 /var/www/horsify/vendor/laravel/framework/src/Illuminate/Database/Connection.php(293): Illuminate\Database\Connection->run()
#2 /var/www/horsify/vendor/laravel/framework/src/Illuminate/Database/Query/Builder.php(1377): Illuminate\Database\Connection->select()
#3 /var/www/horsify/vendor/laravel/framework/src/Illuminate/Database/Query/Builder.php(1367): Illuminate\Database\Query\Builder->runSelect()
#4 /var/www/horsify/vendor/laravel/framework/src/Illuminate/Database/Query/Builder.php(1354): Illuminate\Database\Query\Builder->getFresh()
#5 /var/www/horsify/vendor/compiled.php(1969): Illuminate\Database\Query\Builder->get()
#6 (): App\Http\Controllers\Auth\AuthController->getRegister()
#7 /var/www/horsify/vendor/compiled.php(8292): call_user_func_array()
#8 /var/www/horsify/vendor/compiled.php(8359): Illuminate\Routing\Controller->callAction()
#9 /var/www/horsify/vendor/compiled.php(8338): Illuminate\Routing\ControllerDispatcher->call()
#10 (): Closure$Illuminate\Routing\ControllerDispatcher::callWithinStack()
#11 /var/www/horsify/vendor/compiled.php(8957): call_user_func()
#12 /var/www/horsify/app/Http/Middleware/RedirectIfAuthenticated.php(41): Closure$Illuminate\Pipeline\Pipeline::getInitialSlice()
#13 /var/www/horsify/vendor/compiled.php(8949): App\Http\Middleware\RedirectIfAuthenticated->handle()
#14 (): Closure$Illuminate\Pipeline\Pipeline::getSlice()
#15 /var/www/horsify/vendor/compiled.php(8940): call_user_func()
#16 /var/www/horsify/vendor/compiled.php(8339): Illuminate\Pipeline\Pipeline->then()
#17 /var/www/horsify/vendor/compiled.php(8325): Illuminate\Routing\ControllerDispatcher->callWithinStack()
#18 /var/www/horsify/vendor/compiled.php(7322): Illuminate\Routing\ControllerDispatcher->dispatch()
#19 /var/www/horsify/vendor/compiled.php(7293): Illuminate\Routing\Route->runWithCustomDispatcher()
#20 /var/www/horsify/vendor/compiled.php(6959): Illuminate\Routing\Route->run()
#21 (): Closure$Illuminate\Routing\Router::runRouteWithinStack()
#22 /var/www/horsify/vendor/compiled.php(8957): call_user_func()
#23 (): Closure$Illuminate\Pipeline\Pipeline::getInitialSlice()
#24 /var/www/horsify/vendor/compiled.php(8940): call_user_func()
#25 /var/www/horsify/vendor/compiled.php(6960): Illuminate\Pipeline\Pipeline->then()
#26 /var/www/horsify/vendor/compiled.php(6949): Illuminate\Routing\Router->runRouteWithinStack()
#27 /var/www/horsify/vendor/compiled.php(6934): Illuminate\Routing\Router->dispatchToRoute()
#28 /var/www/horsify/vendor/compiled.php(1935): Illuminate\Routing\Router->dispatch()
#29 (): Closure$Illuminate\Foundation\Http\Kernel::dispatchToRouter()
#30 /var/www/horsify/vendor/compiled.php(8957): call_user_func()
#31 /var/www/horsify/vendor/compiled.php(2443): Closure$Illuminate\Pipeline\Pipeline::getInitialSlice()
#32 /var/www/horsify/app/Http/Middleware/VerifyCsrfToken.php(17): Illuminate\Foundation\Http\Middleware\VerifyCsrfToken->handle()
#33 /var/www/horsify/vendor/compiled.php(8949): App\Http\Middleware\VerifyCsrfToken->handle()
#34 /var/www/horsify/vendor/compiled.php(12088): Closure$Illuminate\Pipeline\Pipeline::getSlice()
#35 /var/www/horsify/vendor/compiled.php(8949): Illuminate\View\Middleware\ShareErrorsFromSession->handle()
#36 /var/www/horsify/vendor/compiled.php(10790): Closure$Illuminate\Pipeline\Pipeline::getSlice()
#37 /var/www/horsify/vendor/compiled.php(8949): Illuminate\Session\Middleware\StartSession->handle()
#38 /var/www/horsify/vendor/compiled.php(11794): Closure$Illuminate\Pipeline\Pipeline::getSlice()
#39 /var/www/horsify/vendor/compiled.php(8949): Illuminate\Cookie\Middleware\AddQueuedCookiesToResponse->handle()
#40 /var/www/horsify/vendor/compiled.php(11743): Closure$Illuminate\Pipeline\Pipeline::getSlice()
#41 /var/www/horsify/vendor/compiled.php(8949): Illuminate\Cookie\Middleware\EncryptCookies->handle()
#42 /var/www/horsify/vendor/compiled.php(2483): Closure$Illuminate\Pipeline\Pipeline::getSlice()
#43 /var/www/horsify/vendor/compiled.php(8949): Illuminate\Foundation\Http\Middleware\CheckForMaintenanceMode->handle()
#44 (): Closure$Illuminate\Pipeline\Pipeline::getSlice()
#45 /var/www/horsify/vendor/compiled.php(8940): call_user_func()
#46 /var/www/horsify/vendor/compiled.php(1891): Illuminate\Pipeline\Pipeline->then()
#47 /var/www/horsify/vendor/compiled.php(1880): Illuminate\Foundation\Http\Kernel->sendRequestThroughRouter()
#48 /var/www/horsify/public/index.php(53): Illuminate\Foundation\Http\Kernel->handle()
#49 {main}  
[2015-08-21 07:22:58] local.ERROR: exception 'PDOException' with message 'SQLSTATE[42S02]: Base table or view not found: 1146 Table 'horsify.roles' doesn't exist' in /var/www/horsify/vendor/laravel/framework/src/Illuminate/Database/Connection.php:288
Stack trace:
#0 /var/www/horsify/vendor/laravel/framework/src/Illuminate/Database/Connection.php(288): PDO->prepare('select `role_id...')
#1 /var/www/horsify/vendor/laravel/framework/src/Illuminate/Database/Connection.php(612): Illuminate\Database\Connection->Illuminate\Database\{closure}(Object(Illuminate\Database\MySqlConnection), 'select `role_id...', Array)
#2 /var/www/horsify/vendor/laravel/framework/src/Illuminate/Database/Connection.php(576): Illuminate\Database\Connection->runQueryCallback('select `role_id...', Array, Object(Closure))
#3 /var/www/horsify/vendor/laravel/framework/src/Illuminate/Database/Connection.php(293): Illuminate\Database\Connection->run('select `role_id...', Array, Object(Closure))
#4 /var/www/horsify/vendor/laravel/framework/src/Illuminate/Database/Query/Builder.php(1377): Illuminate\Database\Connection->select('select `role_id...', Array, true)
#5 /var/www/horsify/vendor/laravel/framework/src/Illuminate/Database/Query/Builder.php(1367): Illuminate\Database\Query\Builder->runSelect()
#6 /var/www/horsify/vendor/laravel/framework/src/Illuminate/Database/Query/Builder.php(1354): Illuminate\Database\Query\Builder->getFresh(Array)
#7 /var/www/horsify/vendor/compiled.php(1969): Illuminate\Database\Query\Builder->get()
#8 [internal function]: App\Http\Controllers\Auth\AuthController->getRegister()
#9 /var/www/horsify/vendor/compiled.php(8292): call_user_func_array(Array, Array)
#10 /var/www/horsify/vendor/compiled.php(8359): Illuminate\Routing\Controller->callAction('getRegister', Array)
#11 /var/www/horsify/vendor/compiled.php(8338): Illuminate\Routing\ControllerDispatcher->call(Object(App\Http\Controllers\Auth\AuthController), Object(Illuminate\Routing\Route), 'getRegister')
#12 [internal function]: Illuminate\Routing\ControllerDispatcher->Illuminate\Routing\{closure}(Object(Illuminate\Http\Request))
#13 /var/www/horsify/vendor/compiled.php(8957): call_user_func(Object(Closure), Object(Illuminate\Http\Request))
#14 /var/www/horsify/app/Http/Middleware/RedirectIfAuthenticated.php(41): Illuminate\Pipeline\Pipeline->Illuminate\Pipeline\{closure}(Object(Illuminate\Http\Request))
#15 /var/www/horsify/vendor/compiled.php(8949): App\Http\Middleware\RedirectIfAuthenticated->handle(Object(Illuminate\Http\Request), Object(Closure))
#16 [internal function]: Illuminate\Pipeline\Pipeline->Illuminate\Pipeline\{closure}(Object(Illuminate\Http\Request))
#17 /var/www/horsify/vendor/compiled.php(8940): call_user_func(Object(Closure), Object(Illuminate\Http\Request))
#18 /var/www/horsify/vendor/compiled.php(8339): Illuminate\Pipeline\Pipeline->then(Object(Closure))
#19 /var/www/horsify/vendor/compiled.php(8325): Illuminate\Routing\ControllerDispatcher->callWithinStack(Object(App\Http\Controllers\Auth\AuthController), Object(Illuminate\Routing\Route), Object(Illuminate\Http\Request), 'getRegister')
#20 /var/www/horsify/vendor/compiled.php(7322): Illuminate\Routing\ControllerDispatcher->dispatch(Object(Illuminate\Routing\Route), Object(Illuminate\Http\Request), 'App\\Http\\Contro...', 'getRegister')
#21 /var/www/horsify/vendor/compiled.php(7293): Illuminate\Routing\Route->runWithCustomDispatcher(Object(Illuminate\Http\Request))
#22 /var/www/horsify/vendor/compiled.php(6959): Illuminate\Routing\Route->run(Object(Illuminate\Http\Request))
#23 [internal function]: Illuminate\Routing\Router->Illuminate\Routing\{closure}(Object(Illuminate\Http\Request))
#24 /var/www/horsify/vendor/compiled.php(8957): call_user_func(Object(Closure), Object(Illuminate\Http\Request))
#25 [internal function]: Illuminate\Pipeline\Pipeline->Illuminate\Pipeline\{closure}(Object(Illuminate\Http\Request))
#26 /var/www/horsify/vendor/compiled.php(8940): call_user_func(Object(Closure), Object(Illuminate\Http\Request))
#27 /var/www/horsify/vendor/compiled.php(6960): Illuminate\Pipeline\Pipeline->then(Object(Closure))
#28 /var/www/horsify/vendor/compiled.php(6949): Illuminate\Routing\Router->runRouteWithinStack(Object(Illuminate\Routing\Route), Object(Illuminate\Http\Request))
#29 /var/www/horsify/vendor/compiled.php(6934): Illuminate\Routing\Router->dispatchToRoute(Object(Illuminate\Http\Request))
#30 /var/www/horsify/vendor/compiled.php(1935): Illuminate\Routing\Router->dispatch(Object(Illuminate\Http\Request))
#31 [internal function]: Illuminate\Foundation\Http\Kernel->Illuminate\Foundation\Http\{closure}(Object(Illuminate\Http\Request))
#32 /var/www/horsify/vendor/compiled.php(8957): call_user_func(Object(Closure), Object(Illuminate\Http\Request))
#33 /var/www/horsify/vendor/compiled.php(2443): Illuminate\Pipeline\Pipeline->Illuminate\Pipeline\{closure}(Object(Illuminate\Http\Request))
#34 /var/www/horsify/app/Http/Middleware/VerifyCsrfToken.php(17): Illuminate\Foundation\Http\Middleware\VerifyCsrfToken->handle(Object(Illuminate\Http\Request), Object(Closure))
#35 /var/www/horsify/vendor/compiled.php(8949): App\Http\Middleware\VerifyCsrfToken->handle(Object(Illuminate\Http\Request), Object(Closure))
#36 /var/www/horsify/vendor/compiled.php(12088): Illuminate\Pipeline\Pipeline->Illuminate\Pipeline\{closure}(Object(Illuminate\Http\Request))
#37 /var/www/horsify/vendor/compiled.php(8949): Illuminate\View\Middleware\ShareErrorsFromSession->handle(Object(Illuminate\Http\Request), Object(Closure))
#38 /var/www/horsify/vendor/compiled.php(10790): Illuminate\Pipeline\Pipeline->Illuminate\Pipeline\{closure}(Object(Illuminate\Http\Request))
#39 /var/www/horsify/vendor/compiled.php(8949): Illuminate\Session\Middleware\StartSession->handle(Object(Illuminate\Http\Request), Object(Closure))
#40 /var/www/horsify/vendor/compiled.php(11794): Illuminate\Pipeline\Pipeline->Illuminate\Pipeline\{closure}(Object(Illuminate\Http\Request))
#41 /var/www/horsify/vendor/compiled.php(8949): Illuminate\Cookie\Middleware\AddQueuedCookiesToResponse->handle(Object(Illuminate\Http\Request), Object(Closure))
#42 /var/www/horsify/vendor/compiled.php(11743): Illuminate\Pipeline\Pipeline->Illuminate\Pipeline\{closure}(Object(Illuminate\Http\Request))
#43 /var/www/horsify/vendor/compiled.php(8949): Illuminate\Cookie\Middleware\EncryptCookies->handle(Object(Illuminate\Http\Request), Object(Closure))
#44 /var/www/horsify/vendor/compiled.php(2483): Illuminate\Pipeline\Pipeline->Illuminate\Pipeline\{closure}(Object(Illuminate\Http\Request))
#45 /var/www/horsify/vendor/compiled.php(8949): Illuminate\Foundation\Http\Middleware\CheckForMaintenanceMode->handle(Object(Illuminate\Http\Request), Object(Closure))
#46 [internal function]: Illuminate\Pipeline\Pipeline->Illuminate\Pipeline\{closure}(Object(Illuminate\Http\Request))
#47 /var/www/horsify/vendor/compiled.php(8940): call_user_func(Object(Closure), Object(Illuminate\Http\Request))
#48 /var/www/horsify/vendor/compiled.php(1891): Illuminate\Pipeline\Pipeline->then(Object(Closure))
#49 /var/www/horsify/vendor/compiled.php(1880): Illuminate\Foundation\Http\Kernel->sendRequestThroughRouter(Object(Illuminate\Http\Request))
#50 /var/www/horsify/public/index.php(53): Illuminate\Foundation\Http\Kernel->handle(Object(Illuminate\Http\Request))
#51 /var/www/horsify/server.php(21): require_once('/var/www/horsif...')
#52 {main}

Next exception 'Illuminate\Database\QueryException' with message 'SQLSTATE[42S02]: Base table or view not found: 1146 Table 'horsify.roles' doesn't exist (SQL: select `role_id`, `role_name` from `roles`)' in /var/www/horsify/vendor/laravel/framework/src/Illuminate/Database/Connection.php:620
Stack trace:
#0 /var/www/horsify/vendor/laravel/framework/src/Illuminate/Database/Connection.php(576): Illuminate\Database\Connection->runQueryCallback('select `role_id...', Array, Object(Closure))
#1 /var/www/horsify/vendor/laravel/framework/src/Illuminate/Database/Connection.php(293): Illuminate\Database\Connection->run('select `role_id...', Array, Object(Closure))
#2 /var/www/horsify/vendor/laravel/framework/src/Illuminate/Database/Query/Builder.php(1377): Illuminate\Database\Connection->select('select `role_id...', Array, true)
#3 /var/www/horsify/vendor/laravel/framework/src/Illuminate/Database/Query/Builder.php(1367): Illuminate\Database\Query\Builder->runSelect()
#4 /var/www/horsify/vendor/laravel/framework/src/Illuminate/Database/Query/Builder.php(1354): Illuminate\Database\Query\Builder->getFresh(Array)
#5 /var/www/horsify/vendor/compiled.php(1969): Illuminate\Database\Query\Builder->get()
#6 [internal function]: App\Http\Controllers\Auth\AuthController->getRegister()
#7 /var/www/horsify/vendor/compiled.php(8292): call_user_func_array(Array, Array)
#8 /var/www/horsify/vendor/compiled.php(8359): Illuminate\Routing\Controller->callAction('getRegister', Array)
#9 /var/www/horsify/vendor/compiled.php(8338): Illuminate\Routing\ControllerDispatcher->call(Object(App\Http\Controllers\Auth\AuthController), Object(Illuminate\Routing\Route), 'getRegister')
#10 [internal function]: Illuminate\Routing\ControllerDispatcher->Illuminate\Routing\{closure}(Object(Illuminate\Http\Request))
#11 /var/www/horsify/vendor/compiled.php(8957): call_user_func(Object(Closure), Object(Illuminate\Http\Request))
#12 /var/www/horsify/app/Http/Middleware/RedirectIfAuthenticated.php(41): Illuminate\Pipeline\Pipeline->Illuminate\Pipeline\{closure}(Object(Illuminate\Http\Request))
#13 /var/www/horsify/vendor/compiled.php(8949): App\Http\Middleware\RedirectIfAuthenticated->handle(Object(Illuminate\Http\Request), Object(Closure))
#14 [internal function]: Illuminate\Pipeline\Pipeline->Illuminate\Pipeline\{closure}(Object(Illuminate\Http\Request))
#15 /var/www/horsify/vendor/compiled.php(8940): call_user_func(Object(Closure), Object(Illuminate\Http\Request))
#16 /var/www/horsify/vendor/compiled.php(8339): Illuminate\Pipeline\Pipeline->then(Object(Closure))
#17 /var/www/horsify/vendor/compiled.php(8325): Illuminate\Routing\ControllerDispatcher->callWithinStack(Object(App\Http\Controllers\Auth\AuthController), Object(Illuminate\Routing\Route), Object(Illuminate\Http\Request), 'getRegister')
#18 /var/www/horsify/vendor/compiled.php(7322): Illuminate\Routing\ControllerDispatcher->dispatch(Object(Illuminate\Routing\Route), Object(Illuminate\Http\Request), 'App\\Http\\Contro...', 'getRegister')
#19 /var/www/horsify/vendor/compiled.php(7293): Illuminate\Routing\Route->runWithCustomDispatcher(Object(Illuminate\Http\Request))
#20 /var/www/horsify/vendor/compiled.php(6959): Illuminate\Routing\Route->run(Object(Illuminate\Http\Request))
#21 [internal function]: Illuminate\Routing\Router->Illuminate\Routing\{closure}(Object(Illuminate\Http\Request))
#22 /var/www/horsify/vendor/compiled.php(8957): call_user_func(Object(Closure), Object(Illuminate\Http\Request))
#23 [internal function]: Illuminate\Pipeline\Pipeline->Illuminate\Pipeline\{closure}(Object(Illuminate\Http\Request))
#24 /var/www/horsify/vendor/compiled.php(8940): call_user_func(Object(Closure), Object(Illuminate\Http\Request))
#25 /var/www/horsify/vendor/compiled.php(6960): Illuminate\Pipeline\Pipeline->then(Object(Closure))
#26 /var/www/horsify/vendor/compiled.php(6949): Illuminate\Routing\Router->runRouteWithinStack(Object(Illuminate\Routing\Route), Object(Illuminate\Http\Request))
#27 /var/www/horsify/vendor/compiled.php(6934): Illuminate\Routing\Router->dispatchToRoute(Object(Illuminate\Http\Request))
#28 /var/www/horsify/vendor/compiled.php(1935): Illuminate\Routing\Router->dispatch(Object(Illuminate\Http\Request))
#29 [internal function]: Illuminate\Foundation\Http\Kernel->Illuminate\Foundation\Http\{closure}(Object(Illuminate\Http\Request))
#30 /var/www/horsify/vendor/compiled.php(8957): call_user_func(Object(Closure), Object(Illuminate\Http\Request))
#31 /var/www/horsify/vendor/compiled.php(2443): Illuminate\Pipeline\Pipeline->Illuminate\Pipeline\{closure}(Object(Illuminate\Http\Request))
#32 /var/www/horsify/app/Http/Middleware/VerifyCsrfToken.php(17): Illuminate\Foundation\Http\Middleware\VerifyCsrfToken->handle(Object(Illuminate\Http\Request), Object(Closure))
#33 /var/www/horsify/vendor/compiled.php(8949): App\Http\Middleware\VerifyCsrfToken->handle(Object(Illuminate\Http\Request), Object(Closure))
#34 /var/www/horsify/vendor/compiled.php(12088): Illuminate\Pipeline\Pipeline->Illuminate\Pipeline\{closure}(Object(Illuminate\Http\Request))
#35 /var/www/horsify/vendor/compiled.php(8949): Illuminate\View\Middleware\ShareErrorsFromSession->handle(Object(Illuminate\Http\Request), Object(Closure))
#36 /var/www/horsify/vendor/compiled.php(10790): Illuminate\Pipeline\Pipeline->Illuminate\Pipeline\{closure}(Object(Illuminate\Http\Request))
#37 /var/www/horsify/vendor/compiled.php(8949): Illuminate\Session\Middleware\StartSession->handle(Object(Illuminate\Http\Request), Object(Closure))
#38 /var/www/horsify/vendor/compiled.php(11794): Illuminate\Pipeline\Pipeline->Illuminate\Pipeline\{closure}(Object(Illuminate\Http\Request))
#39 /var/www/horsify/vendor/compiled.php(8949): Illuminate\Cookie\Middleware\AddQueuedCookiesToResponse->handle(Object(Illuminate\Http\Request), Object(Closure))
#40 /var/www/horsify/vendor/compiled.php(11743): Illuminate\Pipeline\Pipeline->Illuminate\Pipeline\{closure}(Object(Illuminate\Http\Request))
#41 /var/www/horsify/vendor/compiled.php(8949): Illuminate\Cookie\Middleware\EncryptCookies->handle(Object(Illuminate\Http\Request), Object(Closure))
#42 /var/www/horsify/vendor/compiled.php(2483): Illuminate\Pipeline\Pipeline->Illuminate\Pipeline\{closure}(Object(Illuminate\Http\Request))
#43 /var/www/horsify/vendor/compiled.php(8949): Illuminate\Foundation\Http\Middleware\CheckForMaintenanceMode->handle(Object(Illuminate\Http\Request), Object(Closure))
#44 [internal function]: Illuminate\Pipeline\Pipeline->Illuminate\Pipeline\{closure}(Object(Illuminate\Http\Request))
#45 /var/www/horsify/vendor/compiled.php(8940): call_user_func(Object(Closure), Object(Illuminate\Http\Request))
#46 /var/www/horsify/vendor/compiled.php(1891): Illuminate\Pipeline\Pipeline->then(Object(Closure))
#47 /var/www/horsify/vendor/compiled.php(1880): Illuminate\Foundation\Http\Kernel->sendRequestThroughRouter(Object(Illuminate\Http\Request))
#48 /var/www/horsify/public/index.php(53): Illuminate\Foundation\Http\Kernel->handle(Object(Illuminate\Http\Request))
#49 /var/www/horsify/server.php(21): require_once('/var/www/horsif...')
#50 {main}  
[2015-08-21 07:28:56] local.ERROR: exception 'PDOException' with message 'SQLSTATE[42S02]: Base table or view not found: Table 'horsify.roles' doesn't exist' in /var/www/horsify/vendor/laravel/framework/src/Illuminate/Database/Connection.php:288
Stack trace:
#0 /var/www/horsify/vendor/laravel/framework/src/Illuminate/Database/Connection.php(288): PDO->prepare()
#1 /var/www/horsify/vendor/laravel/framework/src/Illuminate/Database/Connection.php(612): Closure$Illuminate\Database\Connection::select()
#2 /var/www/horsify/vendor/laravel/framework/src/Illuminate/Database/Connection.php(576): Illuminate\Database\Connection->runQueryCallback()
#3 /var/www/horsify/vendor/laravel/framework/src/Illuminate/Database/Connection.php(293): Illuminate\Database\Connection->run()
#4 /var/www/horsify/vendor/laravel/framework/src/Illuminate/Database/Query/Builder.php(1377): Illuminate\Database\Connection->select()
#5 /var/www/horsify/vendor/laravel/framework/src/Illuminate/Database/Query/Builder.php(1367): Illuminate\Database\Query\Builder->runSelect()
#6 /var/www/horsify/vendor/laravel/framework/src/Illuminate/Database/Query/Builder.php(1354): Illuminate\Database\Query\Builder->getFresh()
#7 /var/www/horsify/vendor/compiled.php(1969): Illuminate\Database\Query\Builder->get()
#8 (): App\Http\Controllers\Auth\AuthController->getRegister()
#9 /var/www/horsify/vendor/compiled.php(8292): call_user_func_array()
#10 /var/www/horsify/vendor/compiled.php(8359): Illuminate\Routing\Controller->callAction()
#11 /var/www/horsify/vendor/compiled.php(8338): Illuminate\Routing\ControllerDispatcher->call()
#12 (): Closure$Illuminate\Routing\ControllerDispatcher::callWithinStack()
#13 /var/www/horsify/vendor/compiled.php(8957): call_user_func()
#14 /var/www/horsify/app/Http/Middleware/RedirectIfAuthenticated.php(41): Closure$Illuminate\Pipeline\Pipeline::getInitialSlice()
#15 /var/www/horsify/vendor/compiled.php(8949): App\Http\Middleware\RedirectIfAuthenticated->handle()
#16 (): Closure$Illuminate\Pipeline\Pipeline::getSlice()
#17 /var/www/horsify/vendor/compiled.php(8940): call_user_func()
#18 /var/www/horsify/vendor/compiled.php(8339): Illuminate\Pipeline\Pipeline->then()
#19 /var/www/horsify/vendor/compiled.php(8325): Illuminate\Routing\ControllerDispatcher->callWithinStack()
#20 /var/www/horsify/vendor/compiled.php(7322): Illuminate\Routing\ControllerDispatcher->dispatch()
#21 /var/www/horsify/vendor/compiled.php(7293): Illuminate\Routing\Route->runWithCustomDispatcher()
#22 /var/www/horsify/vendor/compiled.php(6959): Illuminate\Routing\Route->run()
#23 (): Closure$Illuminate\Routing\Router::runRouteWithinStack()
#24 /var/www/horsify/vendor/compiled.php(8957): call_user_func()
#25 (): Closure$Illuminate\Pipeline\Pipeline::getInitialSlice()
#26 /var/www/horsify/vendor/compiled.php(8940): call_user_func()
#27 /var/www/horsify/vendor/compiled.php(6960): Illuminate\Pipeline\Pipeline->then()
#28 /var/www/horsify/vendor/compiled.php(6949): Illuminate\Routing\Router->runRouteWithinStack()
#29 /var/www/horsify/vendor/compiled.php(6934): Illuminate\Routing\Router->dispatchToRoute()
#30 /var/www/horsify/vendor/compiled.php(1935): Illuminate\Routing\Router->dispatch()
#31 (): Closure$Illuminate\Foundation\Http\Kernel::dispatchToRouter()
#32 /var/www/horsify/vendor/compiled.php(8957): call_user_func()
#33 /var/www/horsify/vendor/compiled.php(2443): Closure$Illuminate\Pipeline\Pipeline::getInitialSlice()
#34 /var/www/horsify/app/Http/Middleware/VerifyCsrfToken.php(17): Illuminate\Foundation\Http\Middleware\VerifyCsrfToken->handle()
#35 /var/www/horsify/vendor/compiled.php(8949): App\Http\Middleware\VerifyCsrfToken->handle()
#36 /var/www/horsify/vendor/compiled.php(12088): Closure$Illuminate\Pipeline\Pipeline::getSlice()
#37 /var/www/horsify/vendor/compiled.php(8949): Illuminate\View\Middleware\ShareErrorsFromSession->handle()
#38 /var/www/horsify/vendor/compiled.php(10790): Closure$Illuminate\Pipeline\Pipeline::getSlice()
#39 /var/www/horsify/vendor/compiled.php(8949): Illuminate\Session\Middleware\StartSession->handle()
#40 /var/www/horsify/vendor/compiled.php(11794): Closure$Illuminate\Pipeline\Pipeline::getSlice()
#41 /var/www/horsify/vendor/compiled.php(8949): Illuminate\Cookie\Middleware\AddQueuedCookiesToResponse->handle()
#42 /var/www/horsify/vendor/compiled.php(11743): Closure$Illuminate\Pipeline\Pipeline::getSlice()
#43 /var/www/horsify/vendor/compiled.php(8949): Illuminate\Cookie\Middleware\EncryptCookies->handle()
#44 /var/www/horsify/vendor/compiled.php(2483): Closure$Illuminate\Pipeline\Pipeline::getSlice()
#45 /var/www/horsify/vendor/compiled.php(8949): Illuminate\Foundation\Http\Middleware\CheckForMaintenanceMode->handle()
#46 (): Closure$Illuminate\Pipeline\Pipeline::getSlice()
#47 /var/www/horsify/vendor/compiled.php(8940): call_user_func()
#48 /var/www/horsify/vendor/compiled.php(1891): Illuminate\Pipeline\Pipeline->then()
#49 /var/www/horsify/vendor/compiled.php(1880): Illuminate\Foundation\Http\Kernel->sendRequestThroughRouter()
#50 /var/www/horsify/public/index.php(53): Illuminate\Foundation\Http\Kernel->handle()
#51 {main}

Next exception 'Illuminate\Database\QueryException' with message 'SQLSTATE[42S02]: Base table or view not found: Table 'horsify.roles' doesn't exist (SQL: select `role_id`, `role_name` from `roles`)' in /var/www/horsify/vendor/laravel/framework/src/Illuminate/Database/Connection.php:622
Stack trace:
#0 /var/www/horsify/vendor/laravel/framework/src/Illuminate/Database/Connection.php(576): Illuminate\Database\Connection->runQueryCallback()
#1 /var/www/horsify/vendor/laravel/framework/src/Illuminate/Database/Connection.php(293): Illuminate\Database\Connection->run()
#2 /var/www/horsify/vendor/laravel/framework/src/Illuminate/Database/Query/Builder.php(1377): Illuminate\Database\Connection->select()
#3 /var/www/horsify/vendor/laravel/framework/src/Illuminate/Database/Query/Builder.php(1367): Illuminate\Database\Query\Builder->runSelect()
#4 /var/www/horsify/vendor/laravel/framework/src/Illuminate/Database/Query/Builder.php(1354): Illuminate\Database\Query\Builder->getFresh()
#5 /var/www/horsify/vendor/compiled.php(1969): Illuminate\Database\Query\Builder->get()
#6 (): App\Http\Controllers\Auth\AuthController->getRegister()
#7 /var/www/horsify/vendor/compiled.php(8292): call_user_func_array()
#8 /var/www/horsify/vendor/compiled.php(8359): Illuminate\Routing\Controller->callAction()
#9 /var/www/horsify/vendor/compiled.php(8338): Illuminate\Routing\ControllerDispatcher->call()
#10 (): Closure$Illuminate\Routing\ControllerDispatcher::callWithinStack()
#11 /var/www/horsify/vendor/compiled.php(8957): call_user_func()
#12 /var/www/horsify/app/Http/Middleware/RedirectIfAuthenticated.php(41): Closure$Illuminate\Pipeline\Pipeline::getInitialSlice()
#13 /var/www/horsify/vendor/compiled.php(8949): App\Http\Middleware\RedirectIfAuthenticated->handle()
#14 (): Closure$Illuminate\Pipeline\Pipeline::getSlice()
#15 /var/www/horsify/vendor/compiled.php(8940): call_user_func()
#16 /var/www/horsify/vendor/compiled.php(8339): Illuminate\Pipeline\Pipeline->then()
#17 /var/www/horsify/vendor/compiled.php(8325): Illuminate\Routing\ControllerDispatcher->callWithinStack()
#18 /var/www/horsify/vendor/compiled.php(7322): Illuminate\Routing\ControllerDispatcher->dispatch()
#19 /var/www/horsify/vendor/compiled.php(7293): Illuminate\Routing\Route->runWithCustomDispatcher()
#20 /var/www/horsify/vendor/compiled.php(6959): Illuminate\Routing\Route->run()
#21 (): Closure$Illuminate\Routing\Router::runRouteWithinStack()
#22 /var/www/horsify/vendor/compiled.php(8957): call_user_func()
#23 (): Closure$Illuminate\Pipeline\Pipeline::getInitialSlice()
#24 /var/www/horsify/vendor/compiled.php(8940): call_user_func()
#25 /var/www/horsify/vendor/compiled.php(6960): Illuminate\Pipeline\Pipeline->then()
#26 /var/www/horsify/vendor/compiled.php(6949): Illuminate\Routing\Router->runRouteWithinStack()
#27 /var/www/horsify/vendor/compiled.php(6934): Illuminate\Routing\Router->dispatchToRoute()
#28 /var/www/horsify/vendor/compiled.php(1935): Illuminate\Routing\Router->dispatch()
#29 (): Closure$Illuminate\Foundation\Http\Kernel::dispatchToRouter()
#30 /var/www/horsify/vendor/compiled.php(8957): call_user_func()
#31 /var/www/horsify/vendor/compiled.php(2443): Closure$Illuminate\Pipeline\Pipeline::getInitialSlice()
#32 /var/www/horsify/app/Http/Middleware/VerifyCsrfToken.php(17): Illuminate\Foundation\Http\Middleware\VerifyCsrfToken->handle()
#33 /var/www/horsify/vendor/compiled.php(8949): App\Http\Middleware\VerifyCsrfToken->handle()
#34 /var/www/horsify/vendor/compiled.php(12088): Closure$Illuminate\Pipeline\Pipeline::getSlice()
#35 /var/www/horsify/vendor/compiled.php(8949): Illuminate\View\Middleware\ShareErrorsFromSession->handle()
#36 /var/www/horsify/vendor/compiled.php(10790): Closure$Illuminate\Pipeline\Pipeline::getSlice()
#37 /var/www/horsify/vendor/compiled.php(8949): Illuminate\Session\Middleware\StartSession->handle()
#38 /var/www/horsify/vendor/compiled.php(11794): Closure$Illuminate\Pipeline\Pipeline::getSlice()
#39 /var/www/horsify/vendor/compiled.php(8949): Illuminate\Cookie\Middleware\AddQueuedCookiesToResponse->handle()
#40 /var/www/horsify/vendor/compiled.php(11743): Closure$Illuminate\Pipeline\Pipeline::getSlice()
#41 /var/www/horsify/vendor/compiled.php(8949): Illuminate\Cookie\Middleware\EncryptCookies->handle()
#42 /var/www/horsify/vendor/compiled.php(2483): Closure$Illuminate\Pipeline\Pipeline::getSlice()
#43 /var/www/horsify/vendor/compiled.php(8949): Illuminate\Foundation\Http\Middleware\CheckForMaintenanceMode->handle()
#44 (): Closure$Illuminate\Pipeline\Pipeline::getSlice()
#45 /var/www/horsify/vendor/compiled.php(8940): call_user_func()
#46 /var/www/horsify/vendor/compiled.php(1891): Illuminate\Pipeline\Pipeline->then()
#47 /var/www/horsify/vendor/compiled.php(1880): Illuminate\Foundation\Http\Kernel->sendRequestThroughRouter()
#48 /var/www/horsify/public/index.php(53): Illuminate\Foundation\Http\Kernel->handle()
#49 {main}  
[2015-08-21 09:23:20] local.ERROR: exception 'PDOException' with message 'SQLSTATE[42S02]: Base table or view not found: Table 'horsify.roles' doesn't exist' in /var/www/horsify/vendor/laravel/framework/src/Illuminate/Database/Connection.php:288
Stack trace:
#0 /var/www/horsify/vendor/laravel/framework/src/Illuminate/Database/Connection.php(288): PDO->prepare()
#1 /var/www/horsify/vendor/laravel/framework/src/Illuminate/Database/Connection.php(612): Closure$Illuminate\Database\Connection::select()
#2 /var/www/horsify/vendor/laravel/framework/src/Illuminate/Database/Connection.php(576): Illuminate\Database\Connection->runQueryCallback()
#3 /var/www/horsify/vendor/laravel/framework/src/Illuminate/Database/Connection.php(293): Illuminate\Database\Connection->run()
#4 /var/www/horsify/vendor/laravel/framework/src/Illuminate/Database/Query/Builder.php(1377): Illuminate\Database\Connection->select()
#5 /var/www/horsify/vendor/laravel/framework/src/Illuminate/Database/Query/Builder.php(1367): Illuminate\Database\Query\Builder->runSelect()
#6 /var/www/horsify/vendor/laravel/framework/src/Illuminate/Database/Query/Builder.php(1354): Illuminate\Database\Query\Builder->getFresh()
#7 /var/www/horsify/vendor/compiled.php(1969): Illuminate\Database\Query\Builder->get()
#8 (): App\Http\Controllers\Auth\AuthController->getRegister()
#9 /var/www/horsify/vendor/compiled.php(8292): call_user_func_array()
#10 /var/www/horsify/vendor/compiled.php(8359): Illuminate\Routing\Controller->callAction()
#11 /var/www/horsify/vendor/compiled.php(8338): Illuminate\Routing\ControllerDispatcher->call()
#12 (): Closure$Illuminate\Routing\ControllerDispatcher::callWithinStack()
#13 /var/www/horsify/vendor/compiled.php(8957): call_user_func()
#14 /var/www/horsify/app/Http/Middleware/RedirectIfAuthenticated.php(41): Closure$Illuminate\Pipeline\Pipeline::getInitialSlice()
#15 /var/www/horsify/vendor/compiled.php(8949): App\Http\Middleware\RedirectIfAuthenticated->handle()
#16 (): Closure$Illuminate\Pipeline\Pipeline::getSlice()
#17 /var/www/horsify/vendor/compiled.php(8940): call_user_func()
#18 /var/www/horsify/vendor/compiled.php(8339): Illuminate\Pipeline\Pipeline->then()
#19 /var/www/horsify/vendor/compiled.php(8325): Illuminate\Routing\ControllerDispatcher->callWithinStack()
#20 /var/www/horsify/vendor/compiled.php(7322): Illuminate\Routing\ControllerDispatcher->dispatch()
#21 /var/www/horsify/vendor/compiled.php(7293): Illuminate\Routing\Route->runWithCustomDispatcher()
#22 /var/www/horsify/vendor/compiled.php(6959): Illuminate\Routing\Route->run()
#23 (): Closure$Illuminate\Routing\Router::runRouteWithinStack()
#24 /var/www/horsify/vendor/compiled.php(8957): call_user_func()
#25 (): Closure$Illuminate\Pipeline\Pipeline::getInitialSlice()
#26 /var/www/horsify/vendor/compiled.php(8940): call_user_func()
#27 /var/www/horsify/vendor/compiled.php(6960): Illuminate\Pipeline\Pipeline->then()
#28 /var/www/horsify/vendor/compiled.php(6949): Illuminate\Routing\Router->runRouteWithinStack()
#29 /var/www/horsify/vendor/compiled.php(6934): Illuminate\Routing\Router->dispatchToRoute()
#30 /var/www/horsify/vendor/compiled.php(1935): Illuminate\Routing\Router->dispatch()
#31 (): Closure$Illuminate\Foundation\Http\Kernel::dispatchToRouter()
#32 /var/www/horsify/vendor/compiled.php(8957): call_user_func()
#33 /var/www/horsify/vendor/compiled.php(2443): Closure$Illuminate\Pipeline\Pipeline::getInitialSlice()
#34 /var/www/horsify/app/Http/Middleware/VerifyCsrfToken.php(17): Illuminate\Foundation\Http\Middleware\VerifyCsrfToken->handle()
#35 /var/www/horsify/vendor/compiled.php(8949): App\Http\Middleware\VerifyCsrfToken->handle()
#36 /var/www/horsify/vendor/compiled.php(12088): Closure$Illuminate\Pipeline\Pipeline::getSlice()
#37 /var/www/horsify/vendor/compiled.php(8949): Illuminate\View\Middleware\ShareErrorsFromSession->handle()
#38 /var/www/horsify/vendor/compiled.php(10790): Closure$Illuminate\Pipeline\Pipeline::getSlice()
#39 /var/www/horsify/vendor/compiled.php(8949): Illuminate\Session\Middleware\StartSession->handle()
#40 /var/www/horsify/vendor/compiled.php(11794): Closure$Illuminate\Pipeline\Pipeline::getSlice()
#41 /var/www/horsify/vendor/compiled.php(8949): Illuminate\Cookie\Middleware\AddQueuedCookiesToResponse->handle()
#42 /var/www/horsify/vendor/compiled.php(11743): Closure$Illuminate\Pipeline\Pipeline::getSlice()
#43 /var/www/horsify/vendor/compiled.php(8949): Illuminate\Cookie\Middleware\EncryptCookies->handle()
#44 /var/www/horsify/vendor/compiled.php(2483): Closure$Illuminate\Pipeline\Pipeline::getSlice()
#45 /var/www/horsify/vendor/compiled.php(8949): Illuminate\Foundation\Http\Middleware\CheckForMaintenanceMode->handle()
#46 (): Closure$Illuminate\Pipeline\Pipeline::getSlice()
#47 /var/www/horsify/vendor/compiled.php(8940): call_user_func()
#48 /var/www/horsify/vendor/compiled.php(1891): Illuminate\Pipeline\Pipeline->then()
#49 /var/www/horsify/vendor/compiled.php(1880): Illuminate\Foundation\Http\Kernel->sendRequestThroughRouter()
#50 /var/www/horsify/public/index.php(53): Illuminate\Foundation\Http\Kernel->handle()
#51 {main}

Next exception 'Illuminate\Database\QueryException' with message 'SQLSTATE[42S02]: Base table or view not found: Table 'horsify.roles' doesn't exist (SQL: select `role_id`, `role_name` from `roles`)' in /var/www/horsify/vendor/laravel/framework/src/Illuminate/Database/Connection.php:622
Stack trace:
#0 /var/www/horsify/vendor/laravel/framework/src/Illuminate/Database/Connection.php(576): Illuminate\Database\Connection->runQueryCallback()
#1 /var/www/horsify/vendor/laravel/framework/src/Illuminate/Database/Connection.php(293): Illuminate\Database\Connection->run()
#2 /var/www/horsify/vendor/laravel/framework/src/Illuminate/Database/Query/Builder.php(1377): Illuminate\Database\Connection->select()
#3 /var/www/horsify/vendor/laravel/framework/src/Illuminate/Database/Query/Builder.php(1367): Illuminate\Database\Query\Builder->runSelect()
#4 /var/www/horsify/vendor/laravel/framework/src/Illuminate/Database/Query/Builder.php(1354): Illuminate\Database\Query\Builder->getFresh()
#5 /var/www/horsify/vendor/compiled.php(1969): Illuminate\Database\Query\Builder->get()
#6 (): App\Http\Controllers\Auth\AuthController->getRegister()
#7 /var/www/horsify/vendor/compiled.php(8292): call_user_func_array()
#8 /var/www/horsify/vendor/compiled.php(8359): Illuminate\Routing\Controller->callAction()
#9 /var/www/horsify/vendor/compiled.php(8338): Illuminate\Routing\ControllerDispatcher->call()
#10 (): Closure$Illuminate\Routing\ControllerDispatcher::callWithinStack()
#11 /var/www/horsify/vendor/compiled.php(8957): call_user_func()
#12 /var/www/horsify/app/Http/Middleware/RedirectIfAuthenticated.php(41): Closure$Illuminate\Pipeline\Pipeline::getInitialSlice()
#13 /var/www/horsify/vendor/compiled.php(8949): App\Http\Middleware\RedirectIfAuthenticated->handle()
#14 (): Closure$Illuminate\Pipeline\Pipeline::getSlice()
#15 /var/www/horsify/vendor/compiled.php(8940): call_user_func()
#16 /var/www/horsify/vendor/compiled.php(8339): Illuminate\Pipeline\Pipeline->then()
#17 /var/www/horsify/vendor/compiled.php(8325): Illuminate\Routing\ControllerDispatcher->callWithinStack()
#18 /var/www/horsify/vendor/compiled.php(7322): Illuminate\Routing\ControllerDispatcher->dispatch()
#19 /var/www/horsify/vendor/compiled.php(7293): Illuminate\Routing\Route->runWithCustomDispatcher()
#20 /var/www/horsify/vendor/compiled.php(6959): Illuminate\Routing\Route->run()
#21 (): Closure$Illuminate\Routing\Router::runRouteWithinStack()
#22 /var/www/horsify/vendor/compiled.php(8957): call_user_func()
#23 (): Closure$Illuminate\Pipeline\Pipeline::getInitialSlice()
#24 /var/www/horsify/vendor/compiled.php(8940): call_user_func()
#25 /var/www/horsify/vendor/compiled.php(6960): Illuminate\Pipeline\Pipeline->then()
#26 /var/www/horsify/vendor/compiled.php(6949): Illuminate\Routing\Router->runRouteWithinStack()
#27 /var/www/horsify/vendor/compiled.php(6934): Illuminate\Routing\Router->dispatchToRoute()
#28 /var/www/horsify/vendor/compiled.php(1935): Illuminate\Routing\Router->dispatch()
#29 (): Closure$Illuminate\Foundation\Http\Kernel::dispatchToRouter()
#30 /var/www/horsify/vendor/compiled.php(8957): call_user_func()
#31 /var/www/horsify/vendor/compiled.php(2443): Closure$Illuminate\Pipeline\Pipeline::getInitialSlice()
#32 /var/www/horsify/app/Http/Middleware/VerifyCsrfToken.php(17): Illuminate\Foundation\Http\Middleware\VerifyCsrfToken->handle()
#33 /var/www/horsify/vendor/compiled.php(8949): App\Http\Middleware\VerifyCsrfToken->handle()
#34 /var/www/horsify/vendor/compiled.php(12088): Closure$Illuminate\Pipeline\Pipeline::getSlice()
#35 /var/www/horsify/vendor/compiled.php(8949): Illuminate\View\Middleware\ShareErrorsFromSession->handle()
#36 /var/www/horsify/vendor/compiled.php(10790): Closure$Illuminate\Pipeline\Pipeline::getSlice()
#37 /var/www/horsify/vendor/compiled.php(8949): Illuminate\Session\Middleware\StartSession->handle()
#38 /var/www/horsify/vendor/compiled.php(11794): Closure$Illuminate\Pipeline\Pipeline::getSlice()
#39 /var/www/horsify/vendor/compiled.php(8949): Illuminate\Cookie\Middleware\AddQueuedCookiesToResponse->handle()
#40 /var/www/horsify/vendor/compiled.php(11743): Closure$Illuminate\Pipeline\Pipeline::getSlice()
#41 /var/www/horsify/vendor/compiled.php(8949): Illuminate\Cookie\Middleware\EncryptCookies->handle()
#42 /var/www/horsify/vendor/compiled.php(2483): Closure$Illuminate\Pipeline\Pipeline::getSlice()
#43 /var/www/horsify/vendor/compiled.php(8949): Illuminate\Foundation\Http\Middleware\CheckForMaintenanceMode->handle()
#44 (): Closure$Illuminate\Pipeline\Pipeline::getSlice()
#45 /var/www/horsify/vendor/compiled.php(8940): call_user_func()
#46 /var/www/horsify/vendor/compiled.php(1891): Illuminate\Pipeline\Pipeline->then()
#47 /var/www/horsify/vendor/compiled.php(1880): Illuminate\Foundation\Http\Kernel->sendRequestThroughRouter()
#48 /var/www/horsify/public/index.php(53): Illuminate\Foundation\Http\Kernel->handle()
#49 {main}  
[2015-08-21 09:38:01] local.ERROR: exception 'ErrorException' with message 'Undefined index: role_id' in /var/www/horsify/app/Services/Registrar.php:39
Stack trace:
#0 /var/www/horsify/app/Services/Registrar.php(39): Illuminate\Foundation\Bootstrap\HandleExceptions->handleError()
#1 /var/www/horsify/vendor/compiled.php(1979): App\Services\Registrar->create()
#2 (): App\Http\Controllers\Auth\AuthController->postRegister()
#3 /var/www/horsify/vendor/compiled.php(8292): call_user_func_array()
#4 /var/www/horsify/vendor/compiled.php(8359): Illuminate\Routing\Controller->callAction()
#5 /var/www/horsify/vendor/compiled.php(8338): Illuminate\Routing\ControllerDispatcher->call()
#6 (): Closure$Illuminate\Routing\ControllerDispatcher::callWithinStack()
#7 /var/www/horsify/vendor/compiled.php(8957): call_user_func()
#8 /var/www/horsify/app/Http/Middleware/RedirectIfAuthenticated.php(41): Closure$Illuminate\Pipeline\Pipeline::getInitialSlice()
#9 /var/www/horsify/vendor/compiled.php(8949): App\Http\Middleware\RedirectIfAuthenticated->handle()
#10 (): Closure$Illuminate\Pipeline\Pipeline::getSlice()
#11 /var/www/horsify/vendor/compiled.php(8940): call_user_func()
#12 /var/www/horsify/vendor/compiled.php(8339): Illuminate\Pipeline\Pipeline->then()
#13 /var/www/horsify/vendor/compiled.php(8325): Illuminate\Routing\ControllerDispatcher->callWithinStack()
#14 /var/www/horsify/vendor/compiled.php(7322): Illuminate\Routing\ControllerDispatcher->dispatch()
#15 /var/www/horsify/vendor/compiled.php(7293): Illuminate\Routing\Route->runWithCustomDispatcher()
#16 /var/www/horsify/vendor/compiled.php(6959): Illuminate\Routing\Route->run()
#17 (): Closure$Illuminate\Routing\Router::runRouteWithinStack()
#18 /var/www/horsify/vendor/compiled.php(8957): call_user_func()
#19 (): Closure$Illuminate\Pipeline\Pipeline::getInitialSlice()
#20 /var/www/horsify/vendor/compiled.php(8940): call_user_func()
#21 /var/www/horsify/vendor/compiled.php(6960): Illuminate\Pipeline\Pipeline->then()
#22 /var/www/horsify/vendor/compiled.php(6949): Illuminate\Routing\Router->runRouteWithinStack()
#23 /var/www/horsify/vendor/compiled.php(6934): Illuminate\Routing\Router->dispatchToRoute()
#24 /var/www/horsify/vendor/compiled.php(1935): Illuminate\Routing\Router->dispatch()
#25 (): Closure$Illuminate\Foundation\Http\Kernel::dispatchToRouter()
#26 /var/www/horsify/vendor/compiled.php(8957): call_user_func()
#27 /var/www/horsify/vendor/compiled.php(2443): Closure$Illuminate\Pipeline\Pipeline::getInitialSlice()
#28 /var/www/horsify/app/Http/Middleware/VerifyCsrfToken.php(17): Illuminate\Foundation\Http\Middleware\VerifyCsrfToken->handle()
#29 /var/www/horsify/vendor/compiled.php(8949): App\Http\Middleware\VerifyCsrfToken->handle()
#30 /var/www/horsify/vendor/compiled.php(12088): Closure$Illuminate\Pipeline\Pipeline::getSlice()
#31 /var/www/horsify/vendor/compiled.php(8949): Illuminate\View\Middleware\ShareErrorsFromSession->handle()
#32 /var/www/horsify/vendor/compiled.php(10790): Closure$Illuminate\Pipeline\Pipeline::getSlice()
#33 /var/www/horsify/vendor/compiled.php(8949): Illuminate\Session\Middleware\StartSession->handle()
#34 /var/www/horsify/vendor/compiled.php(11794): Closure$Illuminate\Pipeline\Pipeline::getSlice()
#35 /var/www/horsify/vendor/compiled.php(8949): Illuminate\Cookie\Middleware\AddQueuedCookiesToResponse->handle()
#36 /var/www/horsify/vendor/compiled.php(11743): Closure$Illuminate\Pipeline\Pipeline::getSlice()
#37 /var/www/horsify/vendor/compiled.php(8949): Illuminate\Cookie\Middleware\EncryptCookies->handle()
#38 /var/www/horsify/vendor/compiled.php(2483): Closure$Illuminate\Pipeline\Pipeline::getSlice()
#39 /var/www/horsify/vendor/compiled.php(8949): Illuminate\Foundation\Http\Middleware\CheckForMaintenanceMode->handle()
#40 (): Closure$Illuminate\Pipeline\Pipeline::getSlice()
#41 /var/www/horsify/vendor/compiled.php(8940): call_user_func()
#42 /var/www/horsify/vendor/compiled.php(1891): Illuminate\Pipeline\Pipeline->then()
#43 /var/www/horsify/vendor/compiled.php(1880): Illuminate\Foundation\Http\Kernel->sendRequestThroughRouter()
#44 /var/www/horsify/public/index.php(53): Illuminate\Foundation\Http\Kernel->handle()
#45 {main}  
[2015-08-21 10:49:43] local.ERROR: exception 'PDOException' with message 'SQLSTATE[42S22]: Column not found: Unknown column 'phone_number' in 'field list'' in /var/www/horsify/vendor/laravel/framework/src/Illuminate/Database/Connection.php:358
Stack trace:
#0 /var/www/horsify/vendor/laravel/framework/src/Illuminate/Database/Connection.php(358): PDO->prepare()
#1 /var/www/horsify/vendor/laravel/framework/src/Illuminate/Database/Connection.php(612): Closure$Illuminate\Database\Connection::statement()
#2 /var/www/horsify/vendor/laravel/framework/src/Illuminate/Database/Connection.php(576): Illuminate\Database\Connection->runQueryCallback()
#3 /var/www/horsify/vendor/laravel/framework/src/Illuminate/Database/Connection.php(359): Illuminate\Database\Connection->run()
#4 /var/www/horsify/vendor/laravel/framework/src/Illuminate/Database/Connection.php(316): Illuminate\Database\Connection->statement()
#5 /var/www/horsify/vendor/laravel/framework/src/Illuminate/Database/Query/Processors/Processor.php(30): Illuminate\Database\Connection->insert()
#6 /var/www/horsify/vendor/laravel/framework/src/Illuminate/Database/Query/Builder.php(1718): Illuminate\Database\Query\Processors\Processor->processInsertGetId()
#7 (): Illuminate\Database\Query\Builder->insertGetId()
#8 /var/www/horsify/vendor/laravel/framework/src/Illuminate/Database/Eloquent/Builder.php(933): call_user_func_array()
#9 /var/www/horsify/vendor/compiled.php(9812): Illuminate\Database\Eloquent\Builder->__call()
#10 /var/www/horsify/vendor/compiled.php(9802): Illuminate\Database\Eloquent\Model->insertAndSetId()
#11 /var/www/horsify/vendor/compiled.php(9759): Illuminate\Database\Eloquent\Model->performInsert()
#12 /var/www/horsify/vendor/compiled.php(9399): Illuminate\Database\Eloquent\Model->save()
#13 /var/www/horsify/app/Services/Registrar.php(40): Illuminate\Database\Eloquent\Model::create()
#14 /var/www/horsify/vendor/compiled.php(1979): App\Services\Registrar->create()
#15 (): App\Http\Controllers\Auth\AuthController->postRegister()
#16 /var/www/horsify/vendor/compiled.php(8292): call_user_func_array()
#17 /var/www/horsify/vendor/compiled.php(8359): Illuminate\Routing\Controller->callAction()
#18 /var/www/horsify/vendor/compiled.php(8338): Illuminate\Routing\ControllerDispatcher->call()
#19 (): Closure$Illuminate\Routing\ControllerDispatcher::callWithinStack()
#20 /var/www/horsify/vendor/compiled.php(8957): call_user_func()
#21 /var/www/horsify/app/Http/Middleware/RedirectIfAuthenticated.php(41): Closure$Illuminate\Pipeline\Pipeline::getInitialSlice()
#22 /var/www/horsify/vendor/compiled.php(8949): App\Http\Middleware\RedirectIfAuthenticated->handle()
#23 (): Closure$Illuminate\Pipeline\Pipeline::getSlice()
#24 /var/www/horsify/vendor/compiled.php(8940): call_user_func()
#25 /var/www/horsify/vendor/compiled.php(8339): Illuminate\Pipeline\Pipeline->then()
#26 /var/www/horsify/vendor/compiled.php(8325): Illuminate\Routing\ControllerDispatcher->callWithinStack()
#27 /var/www/horsify/vendor/compiled.php(7322): Illuminate\Routing\ControllerDispatcher->dispatch()
#28 /var/www/horsify/vendor/compiled.php(7293): Illuminate\Routing\Route->runWithCustomDispatcher()
#29 /var/www/horsify/vendor/compiled.php(6959): Illuminate\Routing\Route->run()
#30 (): Closure$Illuminate\Routing\Router::runRouteWithinStack()
#31 /var/www/horsify/vendor/compiled.php(8957): call_user_func()
#32 (): Closure$Illuminate\Pipeline\Pipeline::getInitialSlice()
#33 /var/www/horsify/vendor/compiled.php(8940): call_user_func()
#34 /var/www/horsify/vendor/compiled.php(6960): Illuminate\Pipeline\Pipeline->then()
#35 /var/www/horsify/vendor/compiled.php(6949): Illuminate\Routing\Router->runRouteWithinStack()
#36 /var/www/horsify/vendor/compiled.php(6934): Illuminate\Routing\Router->dispatchToRoute()
#37 /var/www/horsify/vendor/compiled.php(1935): Illuminate\Routing\Router->dispatch()
#38 (): Closure$Illuminate\Foundation\Http\Kernel::dispatchToRouter()
#39 /var/www/horsify/vendor/compiled.php(8957): call_user_func()
#40 /var/www/horsify/vendor/compiled.php(2443): Closure$Illuminate\Pipeline\Pipeline::getInitialSlice()
#41 /var/www/horsify/app/Http/Middleware/VerifyCsrfToken.php(17): Illuminate\Foundation\Http\Middleware\VerifyCsrfToken->handle()
#42 /var/www/horsify/vendor/compiled.php(8949): App\Http\Middleware\VerifyCsrfToken->handle()
#43 /var/www/horsify/vendor/compiled.php(12088): Closure$Illuminate\Pipeline\Pipeline::getSlice()
#44 /var/www/horsify/vendor/compiled.php(8949): Illuminate\View\Middleware\ShareErrorsFromSession->handle()
#45 /var/www/horsify/vendor/compiled.php(10790): Closure$Illuminate\Pipeline\Pipeline::getSlice()
#46 /var/www/horsify/vendor/compiled.php(8949): Illuminate\Session\Middleware\StartSession->handle()
#47 /var/www/horsify/vendor/compiled.php(11794): Closure$Illuminate\Pipeline\Pipeline::getSlice()
#48 /var/www/horsify/vendor/compiled.php(8949): Illuminate\Cookie\Middleware\AddQueuedCookiesToResponse->handle()
#49 /var/www/horsify/vendor/compiled.php(11743): Closure$Illuminate\Pipeline\Pipeline::getSlice()
#50 /var/www/horsify/vendor/compiled.php(8949): Illuminate\Cookie\Middleware\EncryptCookies->handle()
#51 /var/www/horsify/vendor/compiled.php(2483): Closure$Illuminate\Pipeline\Pipeline::getSlice()
#52 /var/www/horsify/vendor/compiled.php(8949): Illuminate\Foundation\Http\Middleware\CheckForMaintenanceMode->handle()
#53 (): Closure$Illuminate\Pipeline\Pipeline::getSlice()
#54 /var/www/horsify/vendor/compiled.php(8940): call_user_func()
#55 /var/www/horsify/vendor/compiled.php(1891): Illuminate\Pipeline\Pipeline->then()
#56 /var/www/horsify/vendor/compiled.php(1880): Illuminate\Foundation\Http\Kernel->sendRequestThroughRouter()
#57 /var/www/horsify/public/index.php(53): Illuminate\Foundation\Http\Kernel->handle()
#58 {main}

Next exception 'Illuminate\Database\QueryException' with message 'SQLSTATE[42S22]: Column not found: Unknown column 'phone_number' in 'field list' (SQL: insert into `users` (`first_name`, `surname`, `email`, `password`, `phone_number`, `role_id`, `updated_at`, `created_at`) values (Bhaskar, Rajoriya, bhaskar.rajoriya@gyrix.co, ysGfGCHsJ6ZaSQ6Ut5fcOzaLgjD48U3TkgYYeBA69UB7DCDGF5ui, 8817778900, 0, 2015-08-21 10:49:43, 2015-08-21 10:49:43))' in /var/www/horsify/vendor/laravel/framework/src/Illuminate/Database/Connection.php:622
Stack trace:
#0 /var/www/horsify/vendor/laravel/framework/src/Illuminate/Database/Connection.php(576): Illuminate\Database\Connection->runQueryCallback()
#1 /var/www/horsify/vendor/laravel/framework/src/Illuminate/Database/Connection.php(359): Illuminate\Database\Connection->run()
#2 /var/www/horsify/vendor/laravel/framework/src/Illuminate/Database/Connection.php(316): Illuminate\Database\Connection->statement()
#3 /var/www/horsify/vendor/laravel/framework/src/Illuminate/Database/Query/Processors/Processor.php(30): Illuminate\Database\Connection->insert()
#4 /var/www/horsify/vendor/laravel/framework/src/Illuminate/Database/Query/Builder.php(1718): Illuminate\Database\Query\Processors\Processor->processInsertGetId()
#5 (): Illuminate\Database\Query\Builder->insertGetId()
#6 /var/www/horsify/vendor/laravel/framework/src/Illuminate/Database/Eloquent/Builder.php(933): call_user_func_array()
#7 /var/www/horsify/vendor/compiled.php(9812): Illuminate\Database\Eloquent\Builder->__call()
#8 /var/www/horsify/vendor/compiled.php(9802): Illuminate\Database\Eloquent\Model->insertAndSetId()
#9 /var/www/horsify/vendor/compiled.php(9759): Illuminate\Database\Eloquent\Model->performInsert()
#10 /var/www/horsify/vendor/compiled.php(9399): Illuminate\Database\Eloquent\Model->save()
#11 /var/www/horsify/app/Services/Registrar.php(40): Illuminate\Database\Eloquent\Model::create()
#12 /var/www/horsify/vendor/compiled.php(1979): App\Services\Registrar->create()
#13 (): App\Http\Controllers\Auth\AuthController->postRegister()
#14 /var/www/horsify/vendor/compiled.php(8292): call_user_func_array()
#15 /var/www/horsify/vendor/compiled.php(8359): Illuminate\Routing\Controller->callAction()
#16 /var/www/horsify/vendor/compiled.php(8338): Illuminate\Routing\ControllerDispatcher->call()
#17 (): Closure$Illuminate\Routing\ControllerDispatcher::callWithinStack()
#18 /var/www/horsify/vendor/compiled.php(8957): call_user_func()
#19 /var/www/horsify/app/Http/Middleware/RedirectIfAuthenticated.php(41): Closure$Illuminate\Pipeline\Pipeline::getInitialSlice()
#20 /var/www/horsify/vendor/compiled.php(8949): App\Http\Middleware\RedirectIfAuthenticated->handle()
#21 (): Closure$Illuminate\Pipeline\Pipeline::getSlice()
#22 /var/www/horsify/vendor/compiled.php(8940): call_user_func()
#23 /var/www/horsify/vendor/compiled.php(8339): Illuminate\Pipeline\Pipeline->then()
#24 /var/www/horsify/vendor/compiled.php(8325): Illuminate\Routing\ControllerDispatcher->callWithinStack()
#25 /var/www/horsify/vendor/compiled.php(7322): Illuminate\Routing\ControllerDispatcher->dispatch()
#26 /var/www/horsify/vendor/compiled.php(7293): Illuminate\Routing\Route->runWithCustomDispatcher()
#27 /var/www/horsify/vendor/compiled.php(6959): Illuminate\Routing\Route->run()
#28 (): Closure$Illuminate\Routing\Router::runRouteWithinStack()
#29 /var/www/horsify/vendor/compiled.php(8957): call_user_func()
#30 (): Closure$Illuminate\Pipeline\Pipeline::getInitialSlice()
#31 /var/www/horsify/vendor/compiled.php(8940): call_user_func()
#32 /var/www/horsify/vendor/compiled.php(6960): Illuminate\Pipeline\Pipeline->then()
#33 /var/www/horsify/vendor/compiled.php(6949): Illuminate\Routing\Router->runRouteWithinStack()
#34 /var/www/horsify/vendor/compiled.php(6934): Illuminate\Routing\Router->dispatchToRoute()
#35 /var/www/horsify/vendor/compiled.php(1935): Illuminate\Routing\Router->dispatch()
#36 (): Closure$Illuminate\Foundation\Http\Kernel::dispatchToRouter()
#37 /var/www/horsify/vendor/compiled.php(8957): call_user_func()
#38 /var/www/horsify/vendor/compiled.php(2443): Closure$Illuminate\Pipeline\Pipeline::getInitialSlice()
#39 /var/www/horsify/app/Http/Middleware/VerifyCsrfToken.php(17): Illuminate\Foundation\Http\Middleware\VerifyCsrfToken->handle()
#40 /var/www/horsify/vendor/compiled.php(8949): App\Http\Middleware\VerifyCsrfToken->handle()
#41 /var/www/horsify/vendor/compiled.php(12088): Closure$Illuminate\Pipeline\Pipeline::getSlice()
#42 /var/www/horsify/vendor/compiled.php(8949): Illuminate\View\Middleware\ShareErrorsFromSession->handle()
#43 /var/www/horsify/vendor/compiled.php(10790): Closure$Illuminate\Pipeline\Pipeline::getSlice()
#44 /var/www/horsify/vendor/compiled.php(8949): Illuminate\Session\Middleware\StartSession->handle()
#45 /var/www/horsify/vendor/compiled.php(11794): Closure$Illuminate\Pipeline\Pipeline::getSlice()
#46 /var/www/horsify/vendor/compiled.php(8949): Illuminate\Cookie\Middleware\AddQueuedCookiesToResponse->handle()
#47 /var/www/horsify/vendor/compiled.php(11743): Closure$Illuminate\Pipeline\Pipeline::getSlice()
#48 /var/www/horsify/vendor/compiled.php(8949): Illuminate\Cookie\Middleware\EncryptCookies->handle()
#49 /var/www/horsify/vendor/compiled.php(2483): Closure$Illuminate\Pipeline\Pipeline::getSlice()
#50 /var/www/horsify/vendor/compiled.php(8949): Illuminate\Foundation\Http\Middleware\CheckForMaintenanceMode->handle()
#51 (): Closure$Illuminate\Pipeline\Pipeline::getSlice()
#52 /var/www/horsify/vendor/compiled.php(8940): call_user_func()
#53 /var/www/horsify/vendor/compiled.php(1891): Illuminate\Pipeline\Pipeline->then()
#54 /var/www/horsify/vendor/compiled.php(1880): Illuminate\Foundation\Http\Kernel->sendRequestThroughRouter()
#55 /var/www/horsify/public/index.php(53): Illuminate\Foundation\Http\Kernel->handle()
#56 {main}  
[2015-08-21 10:54:49] local.ERROR: exception 'PDOException' with message 'SQLSTATE[42S22]: Column not found: Unknown column 'role_id' in 'field list'' in /var/www/horsify/vendor/laravel/framework/src/Illuminate/Database/Connection.php:358
Stack trace:
#0 /var/www/horsify/vendor/laravel/framework/src/Illuminate/Database/Connection.php(358): PDO->prepare()
#1 /var/www/horsify/vendor/laravel/framework/src/Illuminate/Database/Connection.php(612): Closure$Illuminate\Database\Connection::statement()
#2 /var/www/horsify/vendor/laravel/framework/src/Illuminate/Database/Connection.php(576): Illuminate\Database\Connection->runQueryCallback()
#3 /var/www/horsify/vendor/laravel/framework/src/Illuminate/Database/Connection.php(359): Illuminate\Database\Connection->run()
#4 /var/www/horsify/vendor/laravel/framework/src/Illuminate/Database/Connection.php(316): Illuminate\Database\Connection->statement()
#5 /var/www/horsify/vendor/laravel/framework/src/Illuminate/Database/Query/Processors/Processor.php(30): Illuminate\Database\Connection->insert()
#6 /var/www/horsify/vendor/laravel/framework/src/Illuminate/Database/Query/Builder.php(1718): Illuminate\Database\Query\Processors\Processor->processInsertGetId()
#7 (): Illuminate\Database\Query\Builder->insertGetId()
#8 /var/www/horsify/vendor/laravel/framework/src/Illuminate/Database/Eloquent/Builder.php(933): call_user_func_array()
#9 /var/www/horsify/vendor/compiled.php(9812): Illuminate\Database\Eloquent\Builder->__call()
#10 /var/www/horsify/vendor/compiled.php(9802): Illuminate\Database\Eloquent\Model->insertAndSetId()
#11 /var/www/horsify/vendor/compiled.php(9759): Illuminate\Database\Eloquent\Model->performInsert()
#12 /var/www/horsify/vendor/compiled.php(9399): Illuminate\Database\Eloquent\Model->save()
#13 /var/www/horsify/app/Services/Registrar.php(40): Illuminate\Database\Eloquent\Model::create()
#14 /var/www/horsify/vendor/compiled.php(1979): App\Services\Registrar->create()
#15 (): App\Http\Controllers\Auth\AuthController->postRegister()
#16 /var/www/horsify/vendor/compiled.php(8292): call_user_func_array()
#17 /var/www/horsify/vendor/compiled.php(8359): Illuminate\Routing\Controller->callAction()
#18 /var/www/horsify/vendor/compiled.php(8338): Illuminate\Routing\ControllerDispatcher->call()
#19 (): Closure$Illuminate\Routing\ControllerDispatcher::callWithinStack()
#20 /var/www/horsify/vendor/compiled.php(8957): call_user_func()
#21 /var/www/horsify/app/Http/Middleware/RedirectIfAuthenticated.php(41): Closure$Illuminate\Pipeline\Pipeline::getInitialSlice()
#22 /var/www/horsify/vendor/compiled.php(8949): App\Http\Middleware\RedirectIfAuthenticated->handle()
#23 (): Closure$Illuminate\Pipeline\Pipeline::getSlice()
#24 /var/www/horsify/vendor/compiled.php(8940): call_user_func()
#25 /var/www/horsify/vendor/compiled.php(8339): Illuminate\Pipeline\Pipeline->then()
#26 /var/www/horsify/vendor/compiled.php(8325): Illuminate\Routing\ControllerDispatcher->callWithinStack()
#27 /var/www/horsify/vendor/compiled.php(7322): Illuminate\Routing\ControllerDispatcher->dispatch()
#28 /var/www/horsify/vendor/compiled.php(7293): Illuminate\Routing\Route->runWithCustomDispatcher()
#29 /var/www/horsify/vendor/compiled.php(6959): Illuminate\Routing\Route->run()
#30 (): Closure$Illuminate\Routing\Router::runRouteWithinStack()
#31 /var/www/horsify/vendor/compiled.php(8957): call_user_func()
#32 (): Closure$Illuminate\Pipeline\Pipeline::getInitialSlice()
#33 /var/www/horsify/vendor/compiled.php(8940): call_user_func()
#34 /var/www/horsify/vendor/compiled.php(6960): Illuminate\Pipeline\Pipeline->then()
#35 /var/www/horsify/vendor/compiled.php(6949): Illuminate\Routing\Router->runRouteWithinStack()
#36 /var/www/horsify/vendor/compiled.php(6934): Illuminate\Routing\Router->dispatchToRoute()
#37 /var/www/horsify/vendor/compiled.php(1935): Illuminate\Routing\Router->dispatch()
#38 (): Closure$Illuminate\Foundation\Http\Kernel::dispatchToRouter()
#39 /var/www/horsify/vendor/compiled.php(8957): call_user_func()
#40 /var/www/horsify/vendor/compiled.php(2443): Closure$Illuminate\Pipeline\Pipeline::getInitialSlice()
#41 /var/www/horsify/app/Http/Middleware/VerifyCsrfToken.php(17): Illuminate\Foundation\Http\Middleware\VerifyCsrfToken->handle()
#42 /var/www/horsify/vendor/compiled.php(8949): App\Http\Middleware\VerifyCsrfToken->handle()
#43 /var/www/horsify/vendor/compiled.php(12088): Closure$Illuminate\Pipeline\Pipeline::getSlice()
#44 /var/www/horsify/vendor/compiled.php(8949): Illuminate\View\Middleware\ShareErrorsFromSession->handle()
#45 /var/www/horsify/vendor/compiled.php(10790): Closure$Illuminate\Pipeline\Pipeline::getSlice()
#46 /var/www/horsify/vendor/compiled.php(8949): Illuminate\Session\Middleware\StartSession->handle()
#47 /var/www/horsify/vendor/compiled.php(11794): Closure$Illuminate\Pipeline\Pipeline::getSlice()
#48 /var/www/horsify/vendor/compiled.php(8949): Illuminate\Cookie\Middleware\AddQueuedCookiesToResponse->handle()
#49 /var/www/horsify/vendor/compiled.php(11743): Closure$Illuminate\Pipeline\Pipeline::getSlice()
#50 /var/www/horsify/vendor/compiled.php(8949): Illuminate\Cookie\Middleware\EncryptCookies->handle()
#51 /var/www/horsify/vendor/compiled.php(2483): Closure$Illuminate\Pipeline\Pipeline::getSlice()
#52 /var/www/horsify/vendor/compiled.php(8949): Illuminate\Foundation\Http\Middleware\CheckForMaintenanceMode->handle()
#53 (): Closure$Illuminate\Pipeline\Pipeline::getSlice()
#54 /var/www/horsify/vendor/compiled.php(8940): call_user_func()
#55 /var/www/horsify/vendor/compiled.php(1891): Illuminate\Pipeline\Pipeline->then()
#56 /var/www/horsify/vendor/compiled.php(1880): Illuminate\Foundation\Http\Kernel->sendRequestThroughRouter()
#57 /var/www/horsify/public/index.php(53): Illuminate\Foundation\Http\Kernel->handle()
#58 {main}

Next exception 'Illuminate\Database\QueryException' with message 'SQLSTATE[42S22]: Column not found: Unknown column 'role_id' in 'field list' (SQL: insert into `users` (`first_name`, `surname`, `email`, `password`, `phone_number`, `role_id`, `updated_at`, `created_at`) values (Bhaskar, Rajoriya, bhaskar.rajoriya@gyrix.co, y$P9VFQ7.vY4ENGm4bbbrY7.nR/IFvRz1nodIRlPhn/BCybn3m9WA6W, 8817778900, 0, 2015-08-21 10:54:49, 2015-08-21 10:54:49))' in /var/www/horsify/vendor/laravel/framework/src/Illuminate/Database/Connection.php:622
Stack trace:
#0 /var/www/horsify/vendor/laravel/framework/src/Illuminate/Database/Connection.php(576): Illuminate\Database\Connection->runQueryCallback()
#1 /var/www/horsify/vendor/laravel/framework/src/Illuminate/Database/Connection.php(359): Illuminate\Database\Connection->run()
#2 /var/www/horsify/vendor/laravel/framework/src/Illuminate/Database/Connection.php(316): Illuminate\Database\Connection->statement()
#3 /var/www/horsify/vendor/laravel/framework/src/Illuminate/Database/Query/Processors/Processor.php(30): Illuminate\Database\Connection->insert()
#4 /var/www/horsify/vendor/laravel/framework/src/Illuminate/Database/Query/Builder.php(1718): Illuminate\Database\Query\Processors\Processor->processInsertGetId()
#5 (): Illuminate\Database\Query\Builder->insertGetId()
#6 /var/www/horsify/vendor/laravel/framework/src/Illuminate/Database/Eloquent/Builder.php(933): call_user_func_array()
#7 /var/www/horsify/vendor/compiled.php(9812): Illuminate\Database\Eloquent\Builder->__call()
#8 /var/www/horsify/vendor/compiled.php(9802): Illuminate\Database\Eloquent\Model->insertAndSetId()
#9 /var/www/horsify/vendor/compiled.php(9759): Illuminate\Database\Eloquent\Model->performInsert()
#10 /var/www/horsify/vendor/compiled.php(9399): Illuminate\Database\Eloquent\Model->save()
#11 /var/www/horsify/app/Services/Registrar.php(40): Illuminate\Database\Eloquent\Model::create()
#12 /var/www/horsify/vendor/compiled.php(1979): App\Services\Registrar->create()
#13 (): App\Http\Controllers\Auth\AuthController->postRegister()
#14 /var/www/horsify/vendor/compiled.php(8292): call_user_func_array()
#15 /var/www/horsify/vendor/compiled.php(8359): Illuminate\Routing\Controller->callAction()
#16 /var/www/horsify/vendor/compiled.php(8338): Illuminate\Routing\ControllerDispatcher->call()
#17 (): Closure$Illuminate\Routing\ControllerDispatcher::callWithinStack()
#18 /var/www/horsify/vendor/compiled.php(8957): call_user_func()
#19 /var/www/horsify/app/Http/Middleware/RedirectIfAuthenticated.php(41): Closure$Illuminate\Pipeline\Pipeline::getInitialSlice()
#20 /var/www/horsify/vendor/compiled.php(8949): App\Http\Middleware\RedirectIfAuthenticated->handle()
#21 (): Closure$Illuminate\Pipeline\Pipeline::getSlice()
#22 /var/www/horsify/vendor/compiled.php(8940): call_user_func()
#23 /var/www/horsify/vendor/compiled.php(8339): Illuminate\Pipeline\Pipeline->then()
#24 /var/www/horsify/vendor/compiled.php(8325): Illuminate\Routing\ControllerDispatcher->callWithinStack()
#25 /var/www/horsify/vendor/compiled.php(7322): Illuminate\Routing\ControllerDispatcher->dispatch()
#26 /var/www/horsify/vendor/compiled.php(7293): Illuminate\Routing\Route->runWithCustomDispatcher()
#27 /var/www/horsify/vendor/compiled.php(6959): Illuminate\Routing\Route->run()
#28 (): Closure$Illuminate\Routing\Router::runRouteWithinStack()
#29 /var/www/horsify/vendor/compiled.php(8957): call_user_func()
#30 (): Closure$Illuminate\Pipeline\Pipeline::getInitialSlice()
#31 /var/www/horsify/vendor/compiled.php(8940): call_user_func()
#32 /var/www/horsify/vendor/compiled.php(6960): Illuminate\Pipeline\Pipeline->then()
#33 /var/www/horsify/vendor/compiled.php(6949): Illuminate\Routing\Router->runRouteWithinStack()
#34 /var/www/horsify/vendor/compiled.php(6934): Illuminate\Routing\Router->dispatchToRoute()
#35 /var/www/horsify/vendor/compiled.php(1935): Illuminate\Routing\Router->dispatch()
#36 (): Closure$Illuminate\Foundation\Http\Kernel::dispatchToRouter()
#37 /var/www/horsify/vendor/compiled.php(8957): call_user_func()
#38 /var/www/horsify/vendor/compiled.php(2443): Closure$Illuminate\Pipeline\Pipeline::getInitialSlice()
#39 /var/www/horsify/app/Http/Middleware/VerifyCsrfToken.php(17): Illuminate\Foundation\Http\Middleware\VerifyCsrfToken->handle()
#40 /var/www/horsify/vendor/compiled.php(8949): App\Http\Middleware\VerifyCsrfToken->handle()
#41 /var/www/horsify/vendor/compiled.php(12088): Closure$Illuminate\Pipeline\Pipeline::getSlice()
#42 /var/www/horsify/vendor/compiled.php(8949): Illuminate\View\Middleware\ShareErrorsFromSession->handle()
#43 /var/www/horsify/vendor/compiled.php(10790): Closure$Illuminate\Pipeline\Pipeline::getSlice()
#44 /var/www/horsify/vendor/compiled.php(8949): Illuminate\Session\Middleware\StartSession->handle()
#45 /var/www/horsify/vendor/compiled.php(11794): Closure$Illuminate\Pipeline\Pipeline::getSlice()
#46 /var/www/horsify/vendor/compiled.php(8949): Illuminate\Cookie\Middleware\AddQueuedCookiesToResponse->handle()
#47 /var/www/horsify/vendor/compiled.php(11743): Closure$Illuminate\Pipeline\Pipeline::getSlice()
#48 /var/www/horsify/vendor/compiled.php(8949): Illuminate\Cookie\Middleware\EncryptCookies->handle()
#49 /var/www/horsify/vendor/compiled.php(2483): Closure$Illuminate\Pipeline\Pipeline::getSlice()
#50 /var/www/horsify/vendor/compiled.php(8949): Illuminate\Foundation\Http\Middleware\CheckForMaintenanceMode->handle()
#51 (): Closure$Illuminate\Pipeline\Pipeline::getSlice()
#52 /var/www/horsify/vendor/compiled.php(8940): call_user_func()
#53 /var/www/horsify/vendor/compiled.php(1891): Illuminate\Pipeline\Pipeline->then()
#54 /var/www/horsify/vendor/compiled.php(1880): Illuminate\Foundation\Http\Kernel->sendRequestThroughRouter()
#55 /var/www/horsify/public/index.php(53): Illuminate\Foundation\Http\Kernel->handle()
#56 {main}  
[2015-08-21 10:55:52] local.ERROR: exception 'PDOException' with message 'SQLSTATE[42S22]: Column not found: Unknown column 'users.id' in 'where clause'' in /var/www/horsify/vendor/laravel/framework/src/Illuminate/Database/Connection.php:288
Stack trace:
#0 /var/www/horsify/vendor/laravel/framework/src/Illuminate/Database/Connection.php(288): PDO->prepare()
#1 /var/www/horsify/vendor/laravel/framework/src/Illuminate/Database/Connection.php(612): Closure$Illuminate\Database\Connection::select()
#2 /var/www/horsify/vendor/laravel/framework/src/Illuminate/Database/Connection.php(576): Illuminate\Database\Connection->runQueryCallback()
#3 /var/www/horsify/vendor/laravel/framework/src/Illuminate/Database/Connection.php(293): Illuminate\Database\Connection->run()
#4 /var/www/horsify/vendor/laravel/framework/src/Illuminate/Database/Query/Builder.php(1377): Illuminate\Database\Connection->select()
#5 /var/www/horsify/vendor/laravel/framework/src/Illuminate/Database/Query/Builder.php(1367): Illuminate\Database\Query\Builder->runSelect()
#6 /var/www/horsify/vendor/laravel/framework/src/Illuminate/Database/Query/Builder.php(1354): Illuminate\Database\Query\Builder->getFresh()
#7 /var/www/horsify/vendor/laravel/framework/src/Illuminate/Database/Eloquent/Builder.php(380): Illuminate\Database\Query\Builder->get()
#8 /var/www/horsify/vendor/laravel/framework/src/Illuminate/Database/Eloquent/Builder.php(162): Illuminate\Database\Eloquent\Builder->getModels()
#9 /var/www/horsify/vendor/laravel/framework/src/Illuminate/Database/Eloquent/Builder.php(136): Illuminate\Database\Eloquent\Builder->get()
#10 /var/www/horsify/vendor/laravel/framework/src/Illuminate/Database/Eloquent/Builder.php(84): Illuminate\Database\Eloquent\Builder->first()
#11 /var/www/horsify/vendor/compiled.php(704): Illuminate\Database\Eloquent\Builder->find()
#12 /var/www/horsify/vendor/compiled.php(417): Illuminate\Auth\EloquentUserProvider->retrieveById()
#13 /var/www/horsify/vendor/compiled.php(400): Illuminate\Auth\Guard->user()
#14 /var/www/horsify/vendor/compiled.php(404): Illuminate\Auth\Guard->check()
#15 /var/www/horsify/app/Http/Middleware/Authenticate.php(36): Illuminate\Auth\Guard->guest()
#16 /var/www/horsify/vendor/compiled.php(8949): App\Http\Middleware\Authenticate->handle()
#17 (): Closure$Illuminate\Pipeline\Pipeline::getSlice()
#18 /var/www/horsify/vendor/compiled.php(8940): call_user_func()
#19 /var/www/horsify/vendor/compiled.php(8339): Illuminate\Pipeline\Pipeline->then()
#20 /var/www/horsify/vendor/compiled.php(8325): Illuminate\Routing\ControllerDispatcher->callWithinStack()
#21 /var/www/horsify/vendor/compiled.php(7322): Illuminate\Routing\ControllerDispatcher->dispatch()
#22 /var/www/horsify/vendor/compiled.php(7293): Illuminate\Routing\Route->runWithCustomDispatcher()
#23 /var/www/horsify/vendor/compiled.php(6959): Illuminate\Routing\Route->run()
#24 (): Closure$Illuminate\Routing\Router::runRouteWithinStack()
#25 /var/www/horsify/vendor/compiled.php(8957): call_user_func()
#26 (): Closure$Illuminate\Pipeline\Pipeline::getInitialSlice()
#27 /var/www/horsify/vendor/compiled.php(8940): call_user_func()
#28 /var/www/horsify/vendor/compiled.php(6960): Illuminate\Pipeline\Pipeline->then()
#29 /var/www/horsify/vendor/compiled.php(6949): Illuminate\Routing\Router->runRouteWithinStack()
#30 /var/www/horsify/vendor/compiled.php(6934): Illuminate\Routing\Router->dispatchToRoute()
#31 /var/www/horsify/vendor/compiled.php(1935): Illuminate\Routing\Router->dispatch()
#32 (): Closure$Illuminate\Foundation\Http\Kernel::dispatchToRouter()
#33 /var/www/horsify/vendor/compiled.php(8957): call_user_func()
#34 /var/www/horsify/vendor/compiled.php(2443): Closure$Illuminate\Pipeline\Pipeline::getInitialSlice()
#35 /var/www/horsify/app/Http/Middleware/VerifyCsrfToken.php(17): Illuminate\Foundation\Http\Middleware\VerifyCsrfToken->handle()
#36 /var/www/horsify/vendor/compiled.php(8949): App\Http\Middleware\VerifyCsrfToken->handle()
#37 /var/www/horsify/vendor/compiled.php(12088): Closure$Illuminate\Pipeline\Pipeline::getSlice()
#38 /var/www/horsify/vendor/compiled.php(8949): Illuminate\View\Middleware\ShareErrorsFromSession->handle()
#39 /var/www/horsify/vendor/compiled.php(10790): Closure$Illuminate\Pipeline\Pipeline::getSlice()
#40 /var/www/horsify/vendor/compiled.php(8949): Illuminate\Session\Middleware\StartSession->handle()
#41 /var/www/horsify/vendor/compiled.php(11794): Closure$Illuminate\Pipeline\Pipeline::getSlice()
#42 /var/www/horsify/vendor/compiled.php(8949): Illuminate\Cookie\Middleware\AddQueuedCookiesToResponse->handle()
#43 /var/www/horsify/vendor/compiled.php(11743): Closure$Illuminate\Pipeline\Pipeline::getSlice()
#44 /var/www/horsify/vendor/compiled.php(8949): Illuminate\Cookie\Middleware\EncryptCookies->handle()
#45 /var/www/horsify/vendor/compiled.php(2483): Closure$Illuminate\Pipeline\Pipeline::getSlice()
#46 /var/www/horsify/vendor/compiled.php(8949): Illuminate\Foundation\Http\Middleware\CheckForMaintenanceMode->handle()
#47 (): Closure$Illuminate\Pipeline\Pipeline::getSlice()
#48 /var/www/horsify/vendor/compiled.php(8940): call_user_func()
#49 /var/www/horsify/vendor/compiled.php(1891): Illuminate\Pipeline\Pipeline->then()
#50 /var/www/horsify/vendor/compiled.php(1880): Illuminate\Foundation\Http\Kernel->sendRequestThroughRouter()
#51 /var/www/horsify/public/index.php(53): Illuminate\Foundation\Http\Kernel->handle()
#52 {main}

Next exception 'Illuminate\Database\QueryException' with message 'SQLSTATE[42S22]: Column not found: Unknown column 'users.id' in 'where clause' (SQL: select * from `users` where `users`.`id` = 1 limit 1)' in /var/www/horsify/vendor/laravel/framework/src/Illuminate/Database/Connection.php:622
Stack trace:
#0 /var/www/horsify/vendor/laravel/framework/src/Illuminate/Database/Connection.php(576): Illuminate\Database\Connection->runQueryCallback()
#1 /var/www/horsify/vendor/laravel/framework/src/Illuminate/Database/Connection.php(293): Illuminate\Database\Connection->run()
#2 /var/www/horsify/vendor/laravel/framework/src/Illuminate/Database/Query/Builder.php(1377): Illuminate\Database\Connection->select()
#3 /var/www/horsify/vendor/laravel/framework/src/Illuminate/Database/Query/Builder.php(1367): Illuminate\Database\Query\Builder->runSelect()
#4 /var/www/horsify/vendor/laravel/framework/src/Illuminate/Database/Query/Builder.php(1354): Illuminate\Database\Query\Builder->getFresh()
#5 /var/www/horsify/vendor/laravel/framework/src/Illuminate/Database/Eloquent/Builder.php(380): Illuminate\Database\Query\Builder->get()
#6 /var/www/horsify/vendor/laravel/framework/src/Illuminate/Database/Eloquent/Builder.php(162): Illuminate\Database\Eloquent\Builder->getModels()
#7 /var/www/horsify/vendor/laravel/framework/src/Illuminate/Database/Eloquent/Builder.php(136): Illuminate\Database\Eloquent\Builder->get()
#8 /var/www/horsify/vendor/laravel/framework/src/Illuminate/Database/Eloquent/Builder.php(84): Illuminate\Database\Eloquent\Builder->first()
#9 /var/www/horsify/vendor/compiled.php(704): Illuminate\Database\Eloquent\Builder->find()
#10 /var/www/horsify/vendor/compiled.php(417): Illuminate\Auth\EloquentUserProvider->retrieveById()
#11 /var/www/horsify/vendor/compiled.php(400): Illuminate\Auth\Guard->user()
#12 /var/www/horsify/vendor/compiled.php(404): Illuminate\Auth\Guard->check()
#13 /var/www/horsify/app/Http/Middleware/Authenticate.php(36): Illuminate\Auth\Guard->guest()
#14 /var/www/horsify/vendor/compiled.php(8949): App\Http\Middleware\Authenticate->handle()
#15 (): Closure$Illuminate\Pipeline\Pipeline::getSlice()
#16 /var/www/horsify/vendor/compiled.php(8940): call_user_func()
#17 /var/www/horsify/vendor/compiled.php(8339): Illuminate\Pipeline\Pipeline->then()
#18 /var/www/horsify/vendor/compiled.php(8325): Illuminate\Routing\ControllerDispatcher->callWithinStack()
#19 /var/www/horsify/vendor/compiled.php(7322): Illuminate\Routing\ControllerDispatcher->dispatch()
#20 /var/www/horsify/vendor/compiled.php(7293): Illuminate\Routing\Route->runWithCustomDispatcher()
#21 /var/www/horsify/vendor/compiled.php(6959): Illuminate\Routing\Route->run()
#22 (): Closure$Illuminate\Routing\Router::runRouteWithinStack()
#23 /var/www/horsify/vendor/compiled.php(8957): call_user_func()
#24 (): Closure$Illuminate\Pipeline\Pipeline::getInitialSlice()
#25 /var/www/horsify/vendor/compiled.php(8940): call_user_func()
#26 /var/www/horsify/vendor/compiled.php(6960): Illuminate\Pipeline\Pipeline->then()
#27 /var/www/horsify/vendor/compiled.php(6949): Illuminate\Routing\Router->runRouteWithinStack()
#28 /var/www/horsify/vendor/compiled.php(6934): Illuminate\Routing\Router->dispatchToRoute()
#29 /var/www/horsify/vendor/compiled.php(1935): Illuminate\Routing\Router->dispatch()
#30 (): Closure$Illuminate\Foundation\Http\Kernel::dispatchToRouter()
#31 /var/www/horsify/vendor/compiled.php(8957): call_user_func()
#32 /var/www/horsify/vendor/compiled.php(2443): Closure$Illuminate\Pipeline\Pipeline::getInitialSlice()
#33 /var/www/horsify/app/Http/Middleware/VerifyCsrfToken.php(17): Illuminate\Foundation\Http\Middleware\VerifyCsrfToken->handle()
#34 /var/www/horsify/vendor/compiled.php(8949): App\Http\Middleware\VerifyCsrfToken->handle()
#35 /var/www/horsify/vendor/compiled.php(12088): Closure$Illuminate\Pipeline\Pipeline::getSlice()
#36 /var/www/horsify/vendor/compiled.php(8949): Illuminate\View\Middleware\ShareErrorsFromSession->handle()
#37 /var/www/horsify/vendor/compiled.php(10790): Closure$Illuminate\Pipeline\Pipeline::getSlice()
#38 /var/www/horsify/vendor/compiled.php(8949): Illuminate\Session\Middleware\StartSession->handle()
#39 /var/www/horsify/vendor/compiled.php(11794): Closure$Illuminate\Pipeline\Pipeline::getSlice()
#40 /var/www/horsify/vendor/compiled.php(8949): Illuminate\Cookie\Middleware\AddQueuedCookiesToResponse->handle()
#41 /var/www/horsify/vendor/compiled.php(11743): Closure$Illuminate\Pipeline\Pipeline::getSlice()
#42 /var/www/horsify/vendor/compiled.php(8949): Illuminate\Cookie\Middleware\EncryptCookies->handle()
#43 /var/www/horsify/vendor/compiled.php(2483): Closure$Illuminate\Pipeline\Pipeline::getSlice()
#44 /var/www/horsify/vendor/compiled.php(8949): Illuminate\Foundation\Http\Middleware\CheckForMaintenanceMode->handle()
#45 (): Closure$Illuminate\Pipeline\Pipeline::getSlice()
#46 /var/www/horsify/vendor/compiled.php(8940): call_user_func()
#47 /var/www/horsify/vendor/compiled.php(1891): Illuminate\Pipeline\Pipeline->then()
#48 /var/www/horsify/vendor/compiled.php(1880): Illuminate\Foundation\Http\Kernel->sendRequestThroughRouter()
#49 /var/www/horsify/public/index.php(53): Illuminate\Foundation\Http\Kernel->handle()
#50 {main}  
[2015-08-21 11:17:11] local.ERROR: exception 'ErrorException' with message 'Undefined variable: request' in /var/www/horsify/app/Http/Controllers/Auth/AuthController.php:39
Stack trace:
#0 /var/www/horsify/app/Http/Controllers/Auth/AuthController.php(39): Illuminate\Foundation\Bootstrap\HandleExceptions->handleError()
#1 (): App\Http\Controllers\Auth\AuthController->__construct()
#2 /var/www/horsify/vendor/compiled.php(1044): ReflectionClass->newInstanceArgs()
#3 /var/www/horsify/vendor/compiled.php(980): Illuminate\Container\Container->build()
#4 /var/www/horsify/vendor/compiled.php(1493): Illuminate\Container\Container->make()
#5 /var/www/horsify/vendor/compiled.php(8332): Illuminate\Foundation\Application->make()
#6 /var/www/horsify/vendor/compiled.php(8321): Illuminate\Routing\ControllerDispatcher->makeController()
#7 /var/www/horsify/vendor/compiled.php(7322): Illuminate\Routing\ControllerDispatcher->dispatch()
#8 /var/www/horsify/vendor/compiled.php(7293): Illuminate\Routing\Route->runWithCustomDispatcher()
#9 /var/www/horsify/vendor/compiled.php(6959): Illuminate\Routing\Route->run()
#10 (): Closure$Illuminate\Routing\Router::runRouteWithinStack()
#11 /var/www/horsify/vendor/compiled.php(8957): call_user_func()
#12 (): Closure$Illuminate\Pipeline\Pipeline::getInitialSlice()
#13 /var/www/horsify/vendor/compiled.php(8940): call_user_func()
#14 /var/www/horsify/vendor/compiled.php(6960): Illuminate\Pipeline\Pipeline->then()
#15 /var/www/horsify/vendor/compiled.php(6949): Illuminate\Routing\Router->runRouteWithinStack()
#16 /var/www/horsify/vendor/compiled.php(6934): Illuminate\Routing\Router->dispatchToRoute()
#17 /var/www/horsify/vendor/compiled.php(1935): Illuminate\Routing\Router->dispatch()
#18 (): Closure$Illuminate\Foundation\Http\Kernel::dispatchToRouter()
#19 /var/www/horsify/vendor/compiled.php(8957): call_user_func()
#20 /var/www/horsify/vendor/compiled.php(2443): Closure$Illuminate\Pipeline\Pipeline::getInitialSlice()
#21 /var/www/horsify/app/Http/Middleware/VerifyCsrfToken.php(17): Illuminate\Foundation\Http\Middleware\VerifyCsrfToken->handle()
#22 /var/www/horsify/vendor/compiled.php(8949): App\Http\Middleware\VerifyCsrfToken->handle()
#23 /var/www/horsify/vendor/compiled.php(12088): Closure$Illuminate\Pipeline\Pipeline::getSlice()
#24 /var/www/horsify/vendor/compiled.php(8949): Illuminate\View\Middleware\ShareErrorsFromSession->handle()
#25 /var/www/horsify/vendor/compiled.php(10790): Closure$Illuminate\Pipeline\Pipeline::getSlice()
#26 /var/www/horsify/vendor/compiled.php(8949): Illuminate\Session\Middleware\StartSession->handle()
#27 /var/www/horsify/vendor/compiled.php(11794): Closure$Illuminate\Pipeline\Pipeline::getSlice()
#28 /var/www/horsify/vendor/compiled.php(8949): Illuminate\Cookie\Middleware\AddQueuedCookiesToResponse->handle()
#29 /var/www/horsify/vendor/compiled.php(11743): Closure$Illuminate\Pipeline\Pipeline::getSlice()
#30 /var/www/horsify/vendor/compiled.php(8949): Illuminate\Cookie\Middleware\EncryptCookies->handle()
#31 /var/www/horsify/vendor/compiled.php(2483): Closure$Illuminate\Pipeline\Pipeline::getSlice()
#32 /var/www/horsify/vendor/compiled.php(8949): Illuminate\Foundation\Http\Middleware\CheckForMaintenanceMode->handle()
#33 (): Closure$Illuminate\Pipeline\Pipeline::getSlice()
#34 /var/www/horsify/vendor/compiled.php(8940): call_user_func()
#35 /var/www/horsify/vendor/compiled.php(1891): Illuminate\Pipeline\Pipeline->then()
#36 /var/www/horsify/vendor/compiled.php(1880): Illuminate\Foundation\Http\Kernel->sendRequestThroughRouter()
#37 /var/www/horsify/public/index.php(53): Illuminate\Foundation\Http\Kernel->handle()
#38 {main}  
